#
# A fatal error has been detected by the Java Runtime Environment:
#
#  SIGSEGV (0xb) at pc=0x00007fa1f906977a, pid=3727, tid=0x00007fa1f063d700
#
# JRE version: OpenJDK Runtime Environment (8.0_141-b15) (build 1.8.0_141-BLFS-b15)
# Java VM: OpenJDK 64-Bit Server VM (25.141-b15 mixed mode linux-amd64 compressed oops)
# Problematic frame:
# v  ~BufferBlob::jni_fast_GetLongField
#
# Failed to write core dump. Core dumps have been disabled. To enable core dumping, try "ulimit -c unlimited" before starting Java again
#
# If you would like to submit a bug report, please visit:
#   http://bugreport.java.com/bugreport/crash.jsp
# The crash happened outside the Java Virtual Machine in native code.
# See problematic frame for where to report the bug.
#

---------------  T H R E A D  ---------------

Current thread (0x00007fa1b4113800):  JavaThread "AWT-XAWT" daemon [_thread_in_native, id=4044, stack(0x00007fa1f053d000,0x00007fa1f063e000)]

siginfo: si_signo: 11 (SIGSEGV), si_code: 1 (SEGV_MAPERR), si_addr: 0x0000000000000000

Registers:
RAX=0x00007fa210186f60, RBX=0x00007fa1b41139e0, RCX=0x0000000000000001, RDX=0x0000000000000042
RSP=0x00007fa1f063c6c8, RBP=0x00007fa1f063c6f0, RSI=0x0000000000000000, RDI=0x00007fa1b41139e0
R8 =0x00007fa1f17ec050, R9 =0x0000000000000000, R10=0x0000000000000f30, R11=0x00000000000001f4
R12=0x0000000000000000, R13=0x0000000000000000, R14=0x00007fa1f1d31ae0, R15=0x00007fa1b4113800
RIP=0x00007fa1f906977a, EFLAGS=0x0000000000010246, CSGSFS=0x002b000000000033, ERR=0x0000000000000004
  TRAPNO=0x000000000000000e

Top of Stack: (sp=0x00007fa1f063c6c8)
0x00007fa1f063c6c8:   00007fa1f1b0f624 00007fa192a76ba0
0x00007fa1f063c6d8:   0000000000000000 00007fa1f9b2d2bc
0x00007fa1f063c6e8:   00007fa1f063c770 00007fa1940bca10
0x00007fa1f063c6f8:   00007fa1f17f43ad 00007fa192a76ba0
0x00007fa1f063c708:   00007fa1f063c730 0000000000000000
0x00007fa1f063c718:   00007fa1f17ec073 00007fa1f9b2d2bc
0x00007fa1f063c728:   00007fa1f1b07a8f 00007fa1f063c780
0x00007fa1f063c738:   00007fa1f92f6e36 00000000c00c3600
0x00007fa1f063c748:   00007fa1f063c9c0 00000000ebc5e388
0x00007fa1f063c758:   0000000000000000 0000000000a00003
0x00007fa1f063c768:   00000000ebc5e250 00000000c0000198
0x00007fa1f063c778:   0000000000000000 00007fa1f063c9c0
0x00007fa1f063c788:   00007fa1f9b2c57c 0000000000000059
0x00007fa1f063c798:   00007fa20d8102e8 00007fa1b4113800
0x00007fa1f063c7a8:   00000000000003d8 00007fa1c4009988
0x00007fa1f063c7b8:   00007fa1c40095b0 00007fa1b410fc00
0x00007fa1f063c7c8:   00007fa1c40095a0 00ffffffffffffff
0x00007fa1f063c7d8:   0000000000000040 00007fa1f063c830
0x00007fa1f063c7e8:   0000000000000000 0000000000000004
0x00007fa1f063c7f8:   00007fa20fb22e35 00007fa20d8102e8
0x00007fa1f063c808:   0000000000000008 00007fa1f063c870
0x00007fa1f063c818:   0000000000000008 00007fa1f063c840
0x00007fa1f063c828:   0000000000000040 00007fa1f063c8d0
0x00007fa1f063c838:   00007fa20fbe152e 0000000000000000
0x00007fa1f063c848:   0000000000000000 0000000000000000
0x00007fa1f063c858:   00000000c01fadf0 00000000c00c37b0
0x00007fa1f063c868:   00000000c01fadf0 0000000000000000
0x00007fa1f063c878:   00000000c00c37b0 00000000c00c37b0
0x00007fa1f063c888:   00000000c01fadf0 00000000c01fadf0
0x00007fa1f063c898:   00000000c00c37b0 0000000000000000
0x00007fa1f063c8a8:   00000000c00000f0 00000000c0000108
0x00007fa1f063c8b8:   00000000c006ca00 00007fa1ac001100 

Instructions: (pc=0x00007fa1f906977a)
0x00007fa1f906975a:   00 00 00 00 00 00 44 8b 15 cd a2 14 17 4c 8b ce
0x00007fa1f906976a:   41 f6 c2 01 0f 85 2e 00 00 00 4d 33 ca 4d 33 ca
0x00007fa1f906977a:   4d 8b 09 4c 8b da 49 c1 eb 02 4b 8b 04 19 49 bb
0x00007fa1f906978a:   34 3a 1b 10 a2 7f 00 00 4c 33 d8 4c 33 d8 45 3b 

Register to memory mapping:

RAX=0x00007fa210186f60: <offset 0xf0df60> in /opt/xdman/jre/lib/amd64/server/libjvm.so at 0x00007fa20f279000
RBX=0x00007fa1b41139e0 is an unknown value
RCX=0x0000000000000001 is an unknown value
RDX=0x0000000000000042 is an unknown value
RSP=0x00007fa1f063c6c8 is pointing into the stack for thread: 0x00007fa1b4113800
RBP=0x00007fa1f063c6f0 is pointing into the stack for thread: 0x00007fa1b4113800
RSI=0x0000000000000000 is an unknown value
RDI=0x00007fa1b41139e0 is an unknown value
R8 =0x00007fa1f17ec050: <offset 0x5c050> in /usr/lib/x86_64-linux-gnu/libX11.so.6 at 0x00007fa1f1790000
R9 =0x0000000000000000 is an unknown value
R10=0x0000000000000f30 is an unknown value
R11=0x00000000000001f4 is an unknown value
R12=0x0000000000000000 is an unknown value
R13=0x0000000000000000 is an unknown value
R14=0x00007fa1f1d31ae0: <offset 0x255ae0> in /opt/xdman/jre/lib/amd64/libawt_xawt.so at 0x00007fa1f1adc000
R15=0x00007fa1b4113800 is a thread


Stack: [0x00007fa1f053d000,0x00007fa1f063e000],  sp=0x00007fa1f063c6c8,  free space=1021k
Native frames: (J=compiled Java code, j=interpreted, Vv=VM code, C=native code)
v  ~BufferBlob::jni_fast_GetLongField
C  [libX11.so.6+0x643ad]  _XimServerDestroy+0x3d

Java frames: (J=compiled Java code, j=interpreted, Vv=VM code)
J 910  sun.awt.X11.XlibWrapper.XFilterEvent(JJ)Z (0 bytes) @ 0x00007fa1f92f6dc4 [0x00007fa1f92f6d80+0x44]
J 3999% C1 sun.awt.X11.XToolkit.run(Z)V (410 bytes) @ 0x00007fa1f9b2c57c [0x00007fa1f9b28de0+0x379c]
j  sun.awt.X11.XToolkit.run()V+5
j  java.lang.Thread.run()V+11
v  ~StubRoutines::call_stub

---------------  P R O C E S S  ---------------

Java Threads: ( => current thread )
  0x00007fa1b4124800 JavaThread "Thread-141" daemon [_thread_in_native, id=12598, stack(0x00007fa1925e2000,0x00007fa1926e3000)]
  0x00007fa1b4124000 JavaThread "Thread-125" daemon [_thread_in_native, id=12430, stack(0x00007fa193235000,0x00007fa193336000)]
  0x00007fa1b40f6800 JavaThread "Thread-116" daemon [_thread_in_native, id=12372, stack(0x00007fa192d30000,0x00007fa192e31000)]
  0x00007fa1a4002800 JavaThread "AWT-EventQueue-0" [_thread_blocked, id=9091, stack(0x00007fa1e87f7000,0x00007fa1e88f8000)]
  0x00007fa1a4001800 JavaThread "AWT-Shutdown" [_thread_blocked, id=9090, stack(0x00007fa1e89f9000,0x00007fa1e8afa000)]
  0x00007fa198016800 JavaThread "Thread-7" [_thread_blocked, id=8287, stack(0x00007fa193738000,0x00007fa193839000)]
  0x00007fa19409a000 JavaThread "TimerQueue" daemon [_thread_blocked, id=8278, stack(0x00007fa193a39000,0x00007fa193b3a000)]
  0x00007fa1b4075800 JavaThread "Thread-1" [_thread_blocked, id=4055, stack(0x00007fa1f043c000,0x00007fa1f053d000)]
=>0x00007fa1b4113800 JavaThread "AWT-XAWT" daemon [_thread_in_native, id=4044, stack(0x00007fa1f053d000,0x00007fa1f063e000)]
  0x00007fa1b40f1800 JavaThread "Java2D Disposer" daemon [_thread_blocked, id=4043, stack(0x00007fa1f0a4e000,0x00007fa1f0b4f000)]
  0x00007fa20800a000 JavaThread "DestroyJavaVM" [_thread_blocked, id=3813, stack(0x00007fa20efec000,0x00007fa20f0ec000)]
  0x00007fa2081f6000 JavaThread "Thread-0" [_thread_in_native, id=3938, stack(0x00007fa1f8288000,0x00007fa1f8389000)]
  0x00007fa2081a9800 JavaThread "Service Thread" daemon [_thread_blocked, id=3933, stack(0x00007fa1f848a000,0x00007fa1f858b000)]
  0x00007fa208184800 JavaThread "C1 CompilerThread2" daemon [_thread_blocked, id=3932, stack(0x00007fa1f858c000,0x00007fa1f868c000)]
  0x00007fa208183000 JavaThread "C2 CompilerThread1" daemon [_thread_blocked, id=3931, stack(0x00007fa1f868d000,0x00007fa1f878d000)]
  0x00007fa208180000 JavaThread "C2 CompilerThread0" daemon [_thread_blocked, id=3930, stack(0x00007fa1f878e000,0x00007fa1f888e000)]
  0x00007fa20817e800 JavaThread "Signal Dispatcher" daemon [_thread_in_native, id=3929, stack(0x00007fa1f888e000,0x00007fa1f898f000)]
  0x00007fa20814b000 JavaThread "Finalizer" daemon [_thread_blocked, id=3923, stack(0x00007fa1f8eff000,0x00007fa1f9000000)]
  0x00007fa208146800 JavaThread "Reference Handler" daemon [_thread_blocked, id=3913, stack(0x00007fa20c02d000,0x00007fa20c12e000)]

Other Threads:
  0x00007fa20813e800 VMThread [stack: 0x00007fa20c12f000,0x00007fa20c22f000] [id=3904]
  0x00007fa2081ac800 WatcherThread [stack: 0x00007fa1f838a000,0x00007fa1f848a000] [id=3934]

VM state:not at safepoint (normal execution)

VM Mutex/Monitor currently owned by a thread: None

Heap:
 PSYoungGen      total 25088K, used 18874K [0x00000000eab00000, 0x00000000ec800000, 0x0000000100000000)
  eden space 24576K, 75% used [0x00000000eab00000,0x00000000ebd29e58,0x00000000ec300000)
  from space 512K, 53% used [0x00000000ec780000,0x00000000ec7c4af0,0x00000000ec800000)
  to   space 512K, 0% used [0x00000000ec700000,0x00000000ec700000,0x00000000ec780000)
 ParOldGen       total 58880K, used 37325K [0x00000000c0000000, 0x00000000c3980000, 0x00000000eab00000)
  object space 58880K, 63% used [0x00000000c0000000,0x00000000c2473650,0x00000000c3980000)
 Metaspace       used 19849K, capacity 20158K, committed 20480K, reserved 1067008K
  class space    used 2159K, capacity 2270K, committed 2304K, reserved 1048576K

Card table byte_map: [0x00007fa20e385000,0x00007fa20e586000] byte_map_base: 0x00007fa20dd85000

Marking Bits: (ParMarkBitMap*) 0x00007fa2101b3120
 Begin Bits: [0x00007fa1f2000000, 0x00007fa1f3000000)
 End Bits:   [0x00007fa1f3000000, 0x00007fa1f4000000)

Polling page: 0x00007fa210834000

CodeCache: size=245760Kb used=12133Kb max_used=12289Kb free=233626Kb
 bounds [0x00007fa1f9000000, 0x00007fa1f9c20000, 0x00007fa208000000]
 total_blobs=4113 nmethods=3497 adapters=527
 compilation: enabled

Compilation events (10 events):
Event: 9743,298 Thread 0x00007fa208183000 nmethod 4374 0x00007fa1f9551550 code [0x00007fa1f95516a0, 0x00007fa1f9551738]
Event: 9743,300 Thread 0x00007fa208180000 nmethod 4375 0x00007fa1f97025d0 code [0x00007fa1f9702720, 0x00007fa1f9702828]
Event: 9743,373 Thread 0x00007fa208184800 4376       3       sun.awt.X11.XWindow::handleXCrossingEvent (435 bytes)
Event: 9743,390 Thread 0x00007fa208184800 nmethod 4376 0x00007fa1f9beb790 code [0x00007fa1f9bec2a0, 0x00007fa1f9bf3b88]
Event: 9743,390 Thread 0x00007fa208184800 4377       3       sun.awt.X11.XBaseWindow::handleXCrossingEvent (1 bytes)
Event: 9743,390 Thread 0x00007fa208184800 nmethod 4377 0x00007fa1f9229c10 code [0x00007fa1f9229d60, 0x00007fa1f9229eb0]
Event: 9743,742 Thread 0x00007fa208184800 4378       1       javax.swing.DefaultButtonModel::isMenuItem (5 bytes)
Event: 9743,743 Thread 0x00007fa208184800 nmethod 4378 0x00007fa1f9176610 code [0x00007fa1f9176760, 0x00007fa1f9176870]
Event: 9744,473 Thread 0x00007fa208184800 4379       3       javax.swing.JButton::removeNotify (27 bytes)
Event: 9744,475 Thread 0x00007fa208184800 nmethod 4379 0x00007fa1f923ad10 code [0x00007fa1f923aec0, 0x00007fa1f923b438]

GC Heap History (10 events):
Event: 9549,031 GC heap before
{Heap before GC invocations=684 (full 0):
 PSYoungGen      total 20992K, used 20640K [0x00000000eab00000, 0x00000000ec800000, 0x0000000100000000)
  eden space 20480K, 100% used [0x00000000eab00000,0x00000000ebf00000,0x00000000ebf00000)
  from space 512K, 31% used [0x00000000ec700000,0x00000000ec728000,0x00000000ec780000)
  to   space 512K, 0% used [0x00000000ec780000,0x00000000ec780000,0x00000000ec800000)
 ParOldGen       total 58880K, used 35668K [0x00000000c0000000, 0x00000000c3980000, 0x00000000eab00000)
  object space 58880K, 60% used [0x00000000c0000000,0x00000000c22d5128,0x00000000c3980000)
 Metaspace       used 19807K, capacity 20158K, committed 20480K, reserved 1067008K
  class space    used 2159K, capacity 2270K, committed 2304K, reserved 1048576K
Event: 9549,034 GC heap after
Heap after GC invocations=684 (full 0):
 PSYoungGen      total 20992K, used 176K [0x00000000eab00000, 0x00000000ec800000, 0x0000000100000000)
  eden space 20480K, 0% used [0x00000000eab00000,0x00000000eab00000,0x00000000ebf00000)
  from space 512K, 34% used [0x00000000ec780000,0x00000000ec7ac230,0x00000000ec800000)
  to   space 512K, 0% used [0x00000000ec700000,0x00000000ec700000,0x00000000ec780000)
 ParOldGen       total 58880K, used 35708K [0x00000000c0000000, 0x00000000c3980000, 0x00000000eab00000)
  object space 58880K, 60% used [0x00000000c0000000,0x00000000c22df158,0x00000000c3980000)
 Metaspace       used 19807K, capacity 20158K, committed 20480K, reserved 1067008K
  class space    used 2159K, capacity 2270K, committed 2304K, reserved 1048576K
}
Event: 9550,302 GC heap before
{Heap before GC invocations=685 (full 0):
 PSYoungGen      total 20992K, used 20656K [0x00000000eab00000, 0x00000000ec800000, 0x0000000100000000)
  eden space 20480K, 100% used [0x00000000eab00000,0x00000000ebf00000,0x00000000ebf00000)
  from space 512K, 34% used [0x00000000ec780000,0x00000000ec7ac230,0x00000000ec800000)
  to   space 512K, 0% used [0x00000000ec700000,0x00000000ec700000,0x00000000ec780000)
 ParOldGen       total 58880K, used 35708K [0x00000000c0000000, 0x00000000c3980000, 0x00000000eab00000)
  object space 58880K, 60% used [0x00000000c0000000,0x00000000c22df158,0x00000000c3980000)
 Metaspace       used 19807K, capacity 20158K, committed 20480K, reserved 1067008K
  class space    used 2159K, capacity 2270K, committed 2304K, reserved 1048576K
Event: 9550,305 GC heap after
Heap after GC invocations=685 (full 0):
 PSYoungGen      total 20992K, used 224K [0x00000000eab00000, 0x00000000ec800000, 0x0000000100000000)
  eden space 20480K, 0% used [0x00000000eab00000,0x00000000eab00000,0x00000000ebf00000)
  from space 512K, 43% used [0x00000000ec700000,0x00000000ec738240,0x00000000ec780000)
  to   space 512K, 0% used [0x00000000ec780000,0x00000000ec780000,0x00000000ec800000)
 ParOldGen       total 58880K, used 35765K [0x00000000c0000000, 0x00000000c3980000, 0x00000000eab00000)
  object space 58880K, 60% used [0x00000000c0000000,0x00000000c22ed5b8,0x00000000c3980000)
 Metaspace       used 19807K, capacity 20158K, committed 20480K, reserved 1067008K
  class space    used 2159K, capacity 2270K, committed 2304K, reserved 1048576K
}
Event: 9551,980 GC heap before
{Heap before GC invocations=686 (full 0):
 PSYoungGen      total 20992K, used 20704K [0x00000000eab00000, 0x00000000ec800000, 0x0000000100000000)
  eden space 20480K, 100% used [0x00000000eab00000,0x00000000ebf00000,0x00000000ebf00000)
  from space 512K, 43% used [0x00000000ec700000,0x00000000ec738240,0x00000000ec780000)
  to   space 512K, 0% used [0x00000000ec780000,0x00000000ec780000,0x00000000ec800000)
 ParOldGen       total 58880K, used 35765K [0x00000000c0000000, 0x00000000c3980000, 0x00000000eab00000)
  object space 58880K, 60% used [0x00000000c0000000,0x00000000c22ed5b8,0x00000000c3980000)
 Metaspace       used 19809K, capacity 20158K, committed 20480K, reserved 1067008K
  class space    used 2159K, capacity 2270K, committed 2304K, reserved 1048576K
Event: 9551,983 GC heap after
Heap after GC invocations=686 (full 0):
 PSYoungGen      total 20992K, used 416K [0x00000000eab00000, 0x00000000ec800000, 0x0000000100000000)
  eden space 20480K, 0% used [0x00000000eab00000,0x00000000eab00000,0x00000000ebf00000)
  from space 512K, 81% used [0x00000000ec780000,0x00000000ec7e8270,0x00000000ec800000)
  to   space 512K, 0% used [0x00000000ec700000,0x00000000ec700000,0x00000000ec780000)
 ParOldGen       total 58880K, used 35862K [0x00000000c0000000, 0x00000000c3980000, 0x00000000eab00000)
  object space 58880K, 60% used [0x00000000c0000000,0x00000000c2305a48,0x00000000c3980000)
 Metaspace       used 19809K, capacity 20158K, committed 20480K, reserved 1067008K
  class space    used 2159K, capacity 2270K, committed 2304K, reserved 1048576K
}
Event: 9553,719 GC heap before
{Heap before GC invocations=687 (full 0):
 PSYoungGen      total 20992K, used 20896K [0x00000000eab00000, 0x00000000ec800000, 0x0000000100000000)
  eden space 20480K, 100% used [0x00000000eab00000,0x00000000ebf00000,0x00000000ebf00000)
  from space 512K, 81% used [0x00000000ec780000,0x00000000ec7e8270,0x00000000ec800000)
  to   space 512K, 0% used [0x00000000ec700000,0x00000000ec700000,0x00000000ec780000)
 ParOldGen       total 58880K, used 35862K [0x00000000c0000000, 0x00000000c3980000, 0x00000000eab00000)
  object space 58880K, 60% used [0x00000000c0000000,0x00000000c2305a48,0x00000000c3980000)
 Metaspace       used 19811K, capacity 20158K, committed 20480K, reserved 1067008K
  class space    used 2159K, capacity 2270K, committed 2304K, reserved 1048576K
Event: 9553,721 GC heap after
Heap after GC invocations=687 (full 0):
 PSYoungGen      total 20992K, used 481K [0x00000000eab00000, 0x00000000ec800000, 0x0000000100000000)
  eden space 20480K, 0% used [0x00000000eab00000,0x00000000eab00000,0x00000000ebf00000)
  from space 512K, 93% used [0x00000000ec700000,0x00000000ec778490,0x00000000ec780000)
  to   space 512K, 0% used [0x00000000ec780000,0x00000000ec780000,0x00000000ec800000)
 ParOldGen       total 58880K, used 36138K [0x00000000c0000000, 0x00000000c3980000, 0x00000000eab00000)
  object space 58880K, 61% used [0x00000000c0000000,0x00000000c234a8f0,0x00000000c3980000)
 Metaspace       used 19811K, capacity 20158K, committed 20480K, reserved 1067008K
  class space    used 2159K, capacity 2270K, committed 2304K, reserved 1048576K
}
Event: 9563,626 GC heap before
{Heap before GC invocations=688 (full 0):
 PSYoungGen      total 20992K, used 20960K [0x00000000eab00000, 0x00000000ec800000, 0x0000000100000000)
  eden space 20480K, 99% used [0x00000000eab00000,0x00000000ebeffcc8,0x00000000ebf00000)
  from space 512K, 93% used [0x00000000ec700000,0x00000000ec778490,0x00000000ec780000)
  to   space 512K, 0% used [0x00000000ec780000,0x00000000ec780000,0x00000000ec800000)
 ParOldGen       total 58880K, used 36138K [0x00000000c0000000, 0x00000000c3980000, 0x00000000eab00000)
  object space 58880K, 61% used [0x00000000c0000000,0x00000000c234a8f0,0x00000000c3980000)
 Metaspace       used 19817K, capacity 20158K, committed 20480K, reserved 1067008K
  class space    used 2159K, capacity 2270K, committed 2304K, reserved 1048576K
Event: 9565,078 GC heap after
Heap after GC invocations=688 (full 0):
 PSYoungGen      total 25088K, used 274K [0x00000000eab00000, 0x00000000ec800000, 0x0000000100000000)
  eden space 24576K, 0% used [0x00000000eab00000,0x00000000eab00000,0x00000000ec300000)
  from space 512K, 53% used [0x00000000ec780000,0x00000000ec7c4af0,0x00000000ec800000)
  to   space 512K, 0% used [0x00000000ec700000,0x00000000ec700000,0x00000000ec780000)
 ParOldGen       total 58880K, used 37325K [0x00000000c0000000, 0x00000000c3980000, 0x00000000eab00000)
  object space 58880K, 63% used [0x00000000c0000000,0x00000000c2473650,0x00000000c3980000)
 Metaspace       used 19817K, capacity 20158K, committed 20480K, reserved 1067008K
  class space    used 2159K, capacity 2270K, committed 2304K, reserved 1048576K
}

Deoptimization events (10 events):
Event: 8113,268 Thread 0x00007fa1b406b800 Uncommon trap: reason=array_check action=maybe_recompile pc=0x00007fa1f950b510 method=java.util.AbstractCollection.toArray([Ljava/lang/Object;)[Ljava/lang/Object; @ 119
Event: 8113,268 Thread 0x00007fa1a4002800 Uncommon trap: reason=array_check action=maybe_recompile pc=0x00007fa1f950b510 method=java.util.AbstractCollection.toArray([Ljava/lang/Object;)[Ljava/lang/Object; @ 119
Event: 8113,373 Thread 0x00007fa1b406b800 Uncommon trap: reason=array_check action=maybe_recompile pc=0x00007fa1f950b510 method=java.util.AbstractCollection.toArray([Ljava/lang/Object;)[Ljava/lang/Object; @ 119
Event: 8113,374 Thread 0x00007fa1b406b800 Uncommon trap: reason=array_check action=maybe_recompile pc=0x00007fa1f950b510 method=java.util.AbstractCollection.toArray([Ljava/lang/Object;)[Ljava/lang/Object; @ 119
Event: 8113,623 Thread 0x00007fa1b406b800 Uncommon trap: reason=unstable_if action=reinterpret pc=0x00007fa1f999332c method=java.util.Formatter$Conversion.isValid(C)Z @ 4
Event: 8743,591 Thread 0x00007fa1b40f6800 Uncommon trap: reason=unstable_if action=reinterpret pc=0x00007fa1f951bc20 method=sun.nio.cs.UTF_8$Decoder.decode([BII[C)I @ 30
Event: 8743,591 Thread 0x00007fa1b40f6800 Uncommon trap: reason=unstable_if action=reinterpret pc=0x00007fa1f9461f0c method=sun.nio.cs.UTF_8$Encoder.encodeArrayLoop(Ljava/nio/CharBuffer;Ljava/nio/ByteBuffer;)Ljava/nio/charset/CoderResult; @ 166
Event: 8743,592 Thread 0x00007fa1b40f6800 Uncommon trap: reason=unstable_if action=reinterpret pc=0x00007fa1f99c0aa0 method=sun.nio.cs.UTF_8$Decoder.decode([BII[C)I @ 30
Event: 8744,466 Thread 0x00007fa1b40f6800 Uncommon trap: reason=unstable_if action=reinterpret pc=0x00007fa1f9434b58 method=sun.nio.cs.UTF_8$Encoder.encodeArrayLoop(Ljava/nio/CharBuffer;Ljava/nio/ByteBuffer;)Ljava/nio/charset/CoderResult; @ 166
Event: 9778,416 Thread 0x00007fa1b4113800 Uncommon trap: reason=bimorphic action=maybe_recompile pc=0x00007fa1f98826c0 method=sun.awt.X11.XToolkit.dispatchEvent(Lsun/awt/X11/XEvent;)V @ 167

Internal exceptions (10 events):
Event: 9509,434 Thread 0x00007fa19804a000 Exception <a 'java/lang/ArrayIndexOutOfBoundsException': 1> (0x00000000eb95e2b0) thrown at [/sources/openjdk/jdk8u-jdk8u141-b15/hotspot/src/share/vm/interpreter/interpreterRuntime.cpp, line 366]
Event: 9522,898 Thread 0x00007fa1a800f800 Exception <a 'java/lang/ArrayIndexOutOfBoundsException': 1> (0x00000000eba7e718) thrown at [/sources/openjdk/jdk8u-jdk8u141-b15/hotspot/src/share/vm/interpreter/interpreterRuntime.cpp, line 366]
Event: 9533,867 Thread 0x00007fa1a4004800 Exception <a 'java/lang/ArrayIndexOutOfBoundsException': 1> (0x00000000eb466c58) thrown at [/sources/openjdk/jdk8u-jdk8u141-b15/hotspot/src/share/vm/interpreter/interpreterRuntime.cpp, line 366]
Event: 9543,236 Thread 0x00007fa1ac014000 Exception <a 'java/lang/ArrayIndexOutOfBoundsException': 1> (0x00000000eb6b8198) thrown at [/sources/openjdk/jdk8u-jdk8u141-b15/hotspot/src/share/vm/interpreter/interpreterRuntime.cpp, line 366]
Event: 9544,035 Thread 0x00007fa1b001b000 Exception <a 'java/lang/ArrayIndexOutOfBoundsException': 1> (0x00000000eaf11c50) thrown at [/sources/openjdk/jdk8u-jdk8u141-b15/hotspot/src/share/vm/interpreter/interpreterRuntime.cpp, line 366]
Event: 9551,227 Thread 0x00007fa1a800b000 Exception <a 'java/lang/ArrayIndexOutOfBoundsException': 1> (0x00000000eb8d9dd8) thrown at [/sources/openjdk/jdk8u-jdk8u141-b15/hotspot/src/share/vm/interpreter/interpreterRuntime.cpp, line 366]
Event: 9551,455 Thread 0x00007fa1b8001800 Exception <a 'java/lang/ArrayIndexOutOfBoundsException': 1> (0x00000000ebc5cde8) thrown at [/sources/openjdk/jdk8u-jdk8u141-b15/hotspot/src/share/vm/interpreter/interpreterRuntime.cpp, line 366]
Event: 9553,032 Thread 0x00007fa1a800b000 Exception <a 'java/lang/InterruptedException': sleep interrupted> (0x00000000eb6b8348) thrown at [/sources/openjdk/jdk8u-jdk8u141-b15/hotspot/src/share/vm/prims/jvm.cpp, line 3228]
Event: 9553,789 Thread 0x00007fa1b8001800 Exception <a 'java/lang/InterruptedException': sleep interrupted> (0x00000000eac349f8) thrown at [/sources/openjdk/jdk8u-jdk8u141-b15/hotspot/src/share/vm/prims/jvm.cpp, line 3228]
Event: 9569,789 Thread 0x00007fa1a4002800 Exception <a 'java/lang/UnsupportedOperationException': > (0x00000000eac996e0) thrown at [/sources/openjdk/jdk8u-jdk8u141-b15/hotspot/src/share/vm/prims/jni.cpp, line 735]

Events (10 events):
Event: 9744,476 Thread 0x00007fa208184800 flushing nmethod 0x00007fa1f93bafd0
Event: 9772,079 Thread 0x00007fa1b4124800 Thread added: 0x00007fa1b4124800
Event: 9778,416 Thread 0x00007fa1b4113800 Uncommon trap: trap_request=0xffffffc6 fr.pc=0x00007fa1f98826c0
Event: 9778,416 Thread 0x00007fa1b4113800 DEOPT PACKING pc=0x00007fa1f98826c0 sp=0x00007fa1f063c6d0
Event: 9778,416 Thread 0x00007fa1b4113800 DEOPT UNPACKING pc=0x00007fa1f9004f69 sp=0x00007fa1f063c6e8 mode 2
Event: 9778,416 loading class sun/awt/X11/XDestroyWindowEvent
Event: 9778,948 loading class sun/awt/X11/XDestroyWindowEvent done
Event: 9782,327 Thread 0x00007fa1b40fd800 Thread exited: 0x00007fa1b40fd800
Event: 9782,328 Thread 0x00007fa1b410c000 Thread exited: 0x00007fa1b410c000
Event: 9782,329 Thread 0x00007fa1b410c800 Thread exited: 0x00007fa1b410c800


Dynamic libraries:
00400000-00401000 r-xp 00000000 08:05 1572977                            /opt/xdman/jre/bin/java
00600000-00601000 r--p 00000000 08:05 1572977                            /opt/xdman/jre/bin/java
00601000-00602000 rw-p 00001000 08:05 1572977                            /opt/xdman/jre/bin/java
01e57000-01ea0000 rw-p 00000000 00:00 0                                  [heap]
c0000000-c3980000 rw-p 00000000 00:00 0 
c3980000-eab00000 ---p 00000000 00:00 0 
eab00000-ec800000 rw-p 00000000 00:00 0 
ec800000-100000000 ---p 00000000 00:00 0 
100000000-100240000 rw-p 00000000 00:00 0 
100240000-140000000 ---p 00000000 00:00 0 
7fa174000000-7fa174021000 rw-p 00000000 00:00 0 
7fa174021000-7fa178000000 ---p 00000000 00:00 0 
7fa178000000-7fa17810e000 rw-p 00000000 00:00 0 
7fa17810e000-7fa17c000000 ---p 00000000 00:00 0 
7fa17c000000-7fa17c103000 rw-p 00000000 00:00 0 
7fa17c103000-7fa180000000 ---p 00000000 00:00 0 
7fa180000000-7fa180108000 rw-p 00000000 00:00 0 
7fa180108000-7fa184000000 ---p 00000000 00:00 0 
7fa184000000-7fa184021000 rw-p 00000000 00:00 0 
7fa184021000-7fa188000000 ---p 00000000 00:00 0 
7fa188000000-7fa18810e000 rw-p 00000000 00:00 0 
7fa18810e000-7fa18c000000 ---p 00000000 00:00 0 
7fa18c000000-7fa18c021000 rw-p 00000000 00:00 0 
7fa18c021000-7fa190000000 ---p 00000000 00:00 0 
7fa1923e0000-7fa1923e3000 ---p 00000000 00:00 0 
7fa1923e3000-7fa1924e1000 rw-p 00000000 00:00 0 
7fa1924e1000-7fa1924e4000 ---p 00000000 00:00 0 
7fa1924e4000-7fa1925e2000 rw-p 00000000 00:00 0 
7fa1925e2000-7fa1925e5000 ---p 00000000 00:00 0 
7fa1925e5000-7fa1926e3000 rw-p 00000000 00:00 0 
7fa1926e3000-7fa1926e6000 ---p 00000000 00:00 0 
7fa1926e6000-7fa1927e4000 rw-p 00000000 00:00 0 
7fa1927e4000-7fa19292e000 rw-s 00000000 00:05 1966092                    /SYSV00000000 (deleted)
7fa19292e000-7fa192aee000 rw-p 00000000 00:00 0 
7fa192aee000-7fa192b31000 ---p 00000000 00:00 0 
7fa192b31000-7fa192c2f000 rw-p 00000000 00:00 0 
7fa192c2f000-7fa192c32000 ---p 00000000 00:00 0 
7fa192c32000-7fa192d30000 rw-p 00000000 00:00 0 
7fa192d30000-7fa192d33000 ---p 00000000 00:00 0 
7fa192d33000-7fa192e31000 rw-p 00000000 00:00 0 
7fa192e31000-7fa192e34000 ---p 00000000 00:00 0 
7fa192e34000-7fa192f32000 rw-p 00000000 00:00 0 
7fa192f32000-7fa192f35000 ---p 00000000 00:00 0 
7fa192f35000-7fa193033000 rw-p 00000000 00:00 0 
7fa193033000-7fa193036000 ---p 00000000 00:00 0 
7fa193036000-7fa193134000 rw-p 00000000 00:00 0 
7fa193134000-7fa193137000 ---p 00000000 00:00 0 
7fa193137000-7fa193235000 rw-p 00000000 00:00 0 
7fa193235000-7fa193238000 ---p 00000000 00:00 0 
7fa193238000-7fa193336000 rw-p 00000000 00:00 0 
7fa193336000-7fa193339000 ---p 00000000 00:00 0 
7fa193339000-7fa193637000 rw-p 00000000 00:00 0 
7fa193637000-7fa19363a000 ---p 00000000 00:00 0 
7fa19363a000-7fa193738000 rw-p 00000000 00:00 0 
7fa193738000-7fa19373b000 ---p 00000000 00:00 0 
7fa19373b000-7fa193a39000 rw-p 00000000 00:00 0 
7fa193a39000-7fa193a3c000 ---p 00000000 00:00 0 
7fa193a3c000-7fa193b3a000 rw-p 00000000 00:00 0 
7fa193b3a000-7fa193b4a000 r-xp 00000000 08:05 1573030                    /opt/xdman/jre/lib/amd64/libnio.so
7fa193b4a000-7fa193d4a000 ---p 00010000 08:05 1573030                    /opt/xdman/jre/lib/amd64/libnio.so
7fa193d4a000-7fa193d4b000 r--p 00010000 08:05 1573030                    /opt/xdman/jre/lib/amd64/libnio.so
7fa193d4b000-7fa193d4c000 rw-p 00011000 08:05 1573030                    /opt/xdman/jre/lib/amd64/libnio.so
7fa193d4c000-7fa193df9000 r-xp 00000000 08:05 1844415                    /usr/lib/x86_64-linux-gnu/libfreetype.so.6.15.0
7fa193df9000-7fa193ff8000 ---p 000ad000 08:05 1844415                    /usr/lib/x86_64-linux-gnu/libfreetype.so.6.15.0
7fa193ff8000-7fa193fff000 r--p 000ac000 08:05 1844415                    /usr/lib/x86_64-linux-gnu/libfreetype.so.6.15.0
7fa193fff000-7fa194000000 rw-p 000b3000 08:05 1844415                    /usr/lib/x86_64-linux-gnu/libfreetype.so.6.15.0
7fa194000000-7fa194139000 rw-p 00000000 00:00 0 
7fa194139000-7fa198000000 ---p 00000000 00:00 0 
7fa198000000-7fa19807f000 rw-p 00000000 00:00 0 
7fa19807f000-7fa19c000000 ---p 00000000 00:00 0 
7fa19c000000-7fa19c021000 rw-p 00000000 00:00 0 
7fa19c021000-7fa1a0000000 ---p 00000000 00:00 0 
7fa1a0000000-7fa1a0106000 rw-p 00000000 00:00 0 
7fa1a0106000-7fa1a4000000 ---p 00000000 00:00 0 
7fa1a4000000-7fa1a4021000 rw-p 00000000 00:00 0 
7fa1a4021000-7fa1a8000000 ---p 00000000 00:00 0 
7fa1a8000000-7fa1a8021000 rw-p 00000000 00:00 0 
7fa1a8021000-7fa1ac000000 ---p 00000000 00:00 0 
7fa1ac000000-7fa1ac289000 rw-p 00000000 00:00 0 
7fa1ac289000-7fa1b0000000 ---p 00000000 00:00 0 
7fa1b0000000-7fa1b028f000 rw-p 00000000 00:00 0 
7fa1b028f000-7fa1b4000000 ---p 00000000 00:00 0 
7fa1b4000000-7fa1b43f4000 rw-p 00000000 00:00 0 
7fa1b43f4000-7fa1b8000000 ---p 00000000 00:00 0 
7fa1b8000000-7fa1b8021000 rw-p 00000000 00:00 0 
7fa1b8021000-7fa1bc000000 ---p 00000000 00:00 0 
7fa1bc000000-7fa1bc05e000 rw-p 00000000 00:00 0 
7fa1bc05e000-7fa1c0000000 ---p 00000000 00:00 0 
7fa1c0000000-7fa1c0021000 rw-p 00000000 00:00 0 
7fa1c0021000-7fa1c4000000 ---p 00000000 00:00 0 
7fa1c4000000-7fa1c529c000 rw-p 00000000 00:00 0 
7fa1c529c000-7fa1c8000000 ---p 00000000 00:00 0 
7fa1c8000000-7fa1c8600000 rw-p 00000000 00:00 0 
7fa1c8600000-7fa1cc000000 ---p 00000000 00:00 0 
7fa1cc000000-7fa1cc021000 rw-p 00000000 00:00 0 
7fa1cc021000-7fa1d0000000 ---p 00000000 00:00 0 
7fa1d0000000-7fa1d235d000 rw-p 00000000 00:00 0 
7fa1d235d000-7fa1d4000000 ---p 00000000 00:00 0 
7fa1d4000000-7fa1d4021000 rw-p 00000000 00:00 0 
7fa1d4021000-7fa1d8000000 ---p 00000000 00:00 0 
7fa1d8000000-7fa1d8021000 rw-p 00000000 00:00 0 
7fa1d8021000-7fa1dc000000 ---p 00000000 00:00 0 
7fa1dc000000-7fa1dc021000 rw-p 00000000 00:00 0 
7fa1dc021000-7fa1e0000000 ---p 00000000 00:00 0 
7fa1e0000000-7fa1e0079000 rw-p 00000000 00:00 0 
7fa1e0079000-7fa1e4000000 ---p 00000000 00:00 0 
7fa1e4000000-7fa1e4021000 rw-p 00000000 00:00 0 
7fa1e4021000-7fa1e8000000 ---p 00000000 00:00 0 
7fa1e805e000-7fa1e808f000 r-xp 00000000 08:05 1842431                    /usr/lib/x86_64-linux-gnu/libpng16.so.16.34.0
7fa1e808f000-7fa1e828e000 ---p 00031000 08:05 1842431                    /usr/lib/x86_64-linux-gnu/libpng16.so.16.34.0
7fa1e828e000-7fa1e828f000 r--p 00030000 08:05 1842431                    /usr/lib/x86_64-linux-gnu/libpng16.so.16.34.0
7fa1e828f000-7fa1e8290000 rw-p 00031000 08:05 1842431                    /usr/lib/x86_64-linux-gnu/libpng16.so.16.34.0
7fa1e8290000-7fa1e82f2000 r-xp 00000000 08:05 1573059                    /opt/xdman/jre/lib/amd64/libfontmanager.so
7fa1e82f2000-7fa1e84f1000 ---p 00062000 08:05 1573059                    /opt/xdman/jre/lib/amd64/libfontmanager.so
7fa1e84f1000-7fa1e84f4000 r--p 00061000 08:05 1573059                    /opt/xdman/jre/lib/amd64/libfontmanager.so
7fa1e84f4000-7fa1e84f5000 rw-p 00064000 08:05 1573059                    /opt/xdman/jre/lib/amd64/libfontmanager.so
7fa1e84f5000-7fa1e86f6000 rw-p 00000000 00:00 0 
7fa1e86f6000-7fa1e86f9000 ---p 00000000 00:00 0 
7fa1e86f9000-7fa1e87f7000 rw-p 00000000 00:00 0 
7fa1e87f7000-7fa1e87fa000 ---p 00000000 00:00 0 
7fa1e87fa000-7fa1e88f8000 rw-p 00000000 00:00 0 
7fa1e88f8000-7fa1e88fb000 ---p 00000000 00:00 0 
7fa1e88fb000-7fa1e89f9000 rw-p 00000000 00:00 0 
7fa1e89f9000-7fa1e89fc000 ---p 00000000 00:00 0 
7fa1e89fc000-7fa1e8afa000 rw-p 00000000 00:00 0 
7fa1e8afa000-7fa1e8afd000 r-xp 00000000 08:05 2629643                    /lib/x86_64-linux-gnu/libnss_mdns4_minimal.so.2
7fa1e8afd000-7fa1e8cfc000 ---p 00003000 08:05 2629643                    /lib/x86_64-linux-gnu/libnss_mdns4_minimal.so.2
7fa1e8cfc000-7fa1e8cfd000 r--p 00002000 08:05 2629643                    /lib/x86_64-linux-gnu/libnss_mdns4_minimal.so.2
7fa1e8cfd000-7fa1e8cfe000 rw-p 00003000 08:05 2629643                    /lib/x86_64-linux-gnu/libnss_mdns4_minimal.so.2
7fa1e8cfe000-7fa1e8d01000 ---p 00000000 00:00 0 
7fa1e8d01000-7fa1e8fff000 rw-p 00000000 00:00 0 
7fa1e8fff000-7fa1ec000000 rw-p 00000000 00:00 0 
7fa1ec000000-7fa1ec021000 rw-p 00000000 00:00 0 
7fa1ec021000-7fa1f0000000 ---p 00000000 00:00 0 
7fa1f0053000-7fa1f0056000 ---p 00000000 00:00 0 
7fa1f0056000-7fa1f008c000 rw-p 00000000 00:00 0 
7fa1f00e2000-7fa1f00e6000 r--p 00000000 08:05 2621740                    /lib/x86_64-linux-gnu/libresolv-2.28.so
7fa1f00e6000-7fa1f00f5000 r-xp 00004000 08:05 2621740                    /lib/x86_64-linux-gnu/libresolv-2.28.so
7fa1f00f5000-7fa1f00f9000 r--p 00013000 08:05 2621740                    /lib/x86_64-linux-gnu/libresolv-2.28.so
7fa1f00f9000-7fa1f00fa000 r--p 00016000 08:05 2621740                    /lib/x86_64-linux-gnu/libresolv-2.28.so
7fa1f00fa000-7fa1f00fb000 rw-p 00017000 08:05 2621740                    /lib/x86_64-linux-gnu/libresolv-2.28.so
7fa1f00fb000-7fa1f00fd000 rw-p 00000000 00:00 0 
7fa1f00fd000-7fa1f0100000 ---p 00000000 00:00 0 
7fa1f0100000-7fa1f01fe000 rw-p 00000000 00:00 0 
7fa1f01fe000-7fa1f0236000 r-xp 00000000 08:05 1573057                    /opt/xdman/jre/lib/amd64/libsunec.so
7fa1f0236000-7fa1f0435000 ---p 00038000 08:05 1573057                    /opt/xdman/jre/lib/amd64/libsunec.so
7fa1f0435000-7fa1f043a000 r--p 00037000 08:05 1573057                    /opt/xdman/jre/lib/amd64/libsunec.so
7fa1f043a000-7fa1f043c000 rw-p 0003c000 08:05 1573057                    /opt/xdman/jre/lib/amd64/libsunec.so
7fa1f043c000-7fa1f043f000 ---p 00000000 00:00 0 
7fa1f043f000-7fa1f053d000 rw-p 00000000 00:00 0 
7fa1f053d000-7fa1f0540000 ---p 00000000 00:00 0 
7fa1f0540000-7fa1f063e000 rw-p 00000000 00:00 0 
7fa1f063e000-7fa1f0643000 r-xp 00000000 08:05 1844056                    /usr/lib/x86_64-linux-gnu/libXfixes.so.3.1.0
7fa1f0643000-7fa1f0842000 ---p 00005000 08:05 1844056                    /usr/lib/x86_64-linux-gnu/libXfixes.so.3.1.0
7fa1f0842000-7fa1f0843000 r--p 00004000 08:05 1844056                    /usr/lib/x86_64-linux-gnu/libXfixes.so.3.1.0
7fa1f0843000-7fa1f0844000 rw-p 00005000 08:05 1844056                    /usr/lib/x86_64-linux-gnu/libXfixes.so.3.1.0
7fa1f0844000-7fa1f084d000 r-xp 00000000 08:05 1844048                    /usr/lib/x86_64-linux-gnu/libXcursor.so.1.0.2
7fa1f084d000-7fa1f0a4c000 ---p 00009000 08:05 1844048                    /usr/lib/x86_64-linux-gnu/libXcursor.so.1.0.2
7fa1f0a4c000-7fa1f0a4d000 r--p 00008000 08:05 1844048                    /usr/lib/x86_64-linux-gnu/libXcursor.so.1.0.2
7fa1f0a4d000-7fa1f0a4e000 rw-p 00009000 08:05 1844048                    /usr/lib/x86_64-linux-gnu/libXcursor.so.1.0.2
7fa1f0a4e000-7fa1f0a51000 ---p 00000000 00:00 0 
7fa1f0a51000-7fa1f0b4f000 rw-p 00000000 00:00 0 
7fa1f0b4f000-7fa1f0b64000 r-xp 00000000 08:05 2621775                    /lib/x86_64-linux-gnu/libbsd.so.0.9.1
7fa1f0b64000-7fa1f0d63000 ---p 00015000 08:05 2621775                    /lib/x86_64-linux-gnu/libbsd.so.0.9.1
7fa1f0d63000-7fa1f0d64000 r--p 00014000 08:05 2621775                    /lib/x86_64-linux-gnu/libbsd.so.0.9.1
7fa1f0d64000-7fa1f0d65000 rw-p 00015000 08:05 2621775                    /lib/x86_64-linux-gnu/libbsd.so.0.9.1
7fa1f0d65000-7fa1f0d66000 rw-p 00000000 00:00 0 
7fa1f0d66000-7fa1f0d6b000 r-xp 00000000 08:05 1844052                    /usr/lib/x86_64-linux-gnu/libXdmcp.so.6.0.0
7fa1f0d6b000-7fa1f0f6a000 ---p 00005000 08:05 1844052                    /usr/lib/x86_64-linux-gnu/libXdmcp.so.6.0.0
7fa1f0f6a000-7fa1f0f6b000 r--p 00004000 08:05 1844052                    /usr/lib/x86_64-linux-gnu/libXdmcp.so.6.0.0
7fa1f0f6b000-7fa1f0f6c000 rw-p 00005000 08:05 1844052                    /usr/lib/x86_64-linux-gnu/libXdmcp.so.6.0.0
7fa1f0f6c000-7fa1f0f6e000 r-xp 00000000 08:05 1844041                    /usr/lib/x86_64-linux-gnu/libXau.so.6.0.0
7fa1f0f6e000-7fa1f116e000 ---p 00002000 08:05 1844041                    /usr/lib/x86_64-linux-gnu/libXau.so.6.0.0
7fa1f116e000-7fa1f116f000 r--p 00002000 08:05 1844041                    /usr/lib/x86_64-linux-gnu/libXau.so.6.0.0
7fa1f116f000-7fa1f1170000 rw-p 00003000 08:05 1844041                    /usr/lib/x86_64-linux-gnu/libXau.so.6.0.0
7fa1f1170000-7fa1f117f000 r-xp 00000000 08:05 1844062                    /usr/lib/x86_64-linux-gnu/libXi.so.6.1.0
7fa1f117f000-7fa1f137e000 ---p 0000f000 08:05 1844062                    /usr/lib/x86_64-linux-gnu/libXi.so.6.1.0
7fa1f137e000-7fa1f137f000 r--p 0000e000 08:05 1844062                    /usr/lib/x86_64-linux-gnu/libXi.so.6.1.0
7fa1f137f000-7fa1f1380000 rw-p 0000f000 08:05 1844062                    /usr/lib/x86_64-linux-gnu/libXi.so.6.1.0
7fa1f1380000-7fa1f1385000 r-xp 00000000 08:05 1844080                    /usr/lib/x86_64-linux-gnu/libXtst.so.6.1.0
7fa1f1385000-7fa1f1584000 ---p 00005000 08:05 1844080                    /usr/lib/x86_64-linux-gnu/libXtst.so.6.1.0
7fa1f1584000-7fa1f1585000 r--p 00004000 08:05 1844080                    /usr/lib/x86_64-linux-gnu/libXtst.so.6.1.0
7fa1f1585000-7fa1f1586000 rw-p 00005000 08:05 1844080                    /usr/lib/x86_64-linux-gnu/libXtst.so.6.1.0
7fa1f1586000-7fa1f158f000 r-xp 00000000 08:05 1844074                    /usr/lib/x86_64-linux-gnu/libXrender.so.1.3.0
7fa1f158f000-7fa1f178e000 ---p 00009000 08:05 1844074                    /usr/lib/x86_64-linux-gnu/libXrender.so.1.3.0
7fa1f178e000-7fa1f178f000 r--p 00008000 08:05 1844074                    /usr/lib/x86_64-linux-gnu/libXrender.so.1.3.0
7fa1f178f000-7fa1f1790000 rw-p 00009000 08:05 1844074                    /usr/lib/x86_64-linux-gnu/libXrender.so.1.3.0
7fa1f1790000-7fa1f17a8000 r--p 00000000 08:05 1853651                    /usr/lib/x86_64-linux-gnu/libX11.so.6.3.0
7fa1f17a8000-7fa1f1830000 r-xp 00018000 08:05 1853651                    /usr/lib/x86_64-linux-gnu/libX11.so.6.3.0
7fa1f1830000-7fa1f18c4000 r--p 000a0000 08:05 1853651                    /usr/lib/x86_64-linux-gnu/libX11.so.6.3.0
7fa1f18c4000-7fa1f18c5000 ---p 00134000 08:05 1853651                    /usr/lib/x86_64-linux-gnu/libX11.so.6.3.0
7fa1f18c5000-7fa1f18c6000 r--p 00134000 08:05 1853651                    /usr/lib/x86_64-linux-gnu/libX11.so.6.3.0
7fa1f18c6000-7fa1f18ca000 rw-p 00135000 08:05 1853651                    /usr/lib/x86_64-linux-gnu/libX11.so.6.3.0
7fa1f18ca000-7fa1f18db000 r-xp 00000000 08:05 1844054                    /usr/lib/x86_64-linux-gnu/libXext.so.6.4.0
7fa1f18db000-7fa1f1ada000 ---p 00011000 08:05 1844054                    /usr/lib/x86_64-linux-gnu/libXext.so.6.4.0
7fa1f1ada000-7fa1f1adb000 r--p 00010000 08:05 1844054                    /usr/lib/x86_64-linux-gnu/libXext.so.6.4.0
7fa1f1adb000-7fa1f1adc000 rw-p 00011000 08:05 1844054                    /usr/lib/x86_64-linux-gnu/libXext.so.6.4.0
7fa1f1adc000-7fa1f1b2d000 r-xp 00000000 08:05 1573039                    /opt/xdman/jre/lib/amd64/libawt_xawt.so
7fa1f1b2d000-7fa1f1d2d000 ---p 00051000 08:05 1573039                    /opt/xdman/jre/lib/amd64/libawt_xawt.so
7fa1f1d2d000-7fa1f1d2e000 r--p 00051000 08:05 1573039                    /opt/xdman/jre/lib/amd64/libawt_xawt.so
7fa1f1d2e000-7fa1f1d31000 rw-p 00052000 08:05 1573039                    /opt/xdman/jre/lib/amd64/libawt_xawt.so
7fa1f1d31000-7fa1f1d32000 rw-p 00000000 00:00 0 
7fa1f1d32000-7fa1f1dd0000 r-xp 00000000 08:05 1573034                    /opt/xdman/jre/lib/amd64/libawt.so
7fa1f1dd0000-7fa1f1fcf000 ---p 0009e000 08:05 1573034                    /opt/xdman/jre/lib/amd64/libawt.so
7fa1f1fcf000-7fa1f1fd0000 r--p 0009d000 08:05 1573034                    /opt/xdman/jre/lib/amd64/libawt.so
7fa1f1fd0000-7fa1f1fdb000 rw-p 0009e000 08:05 1573034                    /opt/xdman/jre/lib/amd64/libawt.so
7fa1f1fdb000-7fa1f4000000 rw-p 00000000 00:00 0 
7fa1f4000000-7fa1f4021000 rw-p 00000000 00:00 0 
7fa1f4021000-7fa1f8000000 ---p 00000000 00:00 0 
7fa1f8009000-7fa1f800c000 r--p 00000000 08:05 2622829                    /lib/x86_64-linux-gnu/libgcc_s.so.1
7fa1f800c000-7fa1f801d000 r-xp 00003000 08:05 2622829                    /lib/x86_64-linux-gnu/libgcc_s.so.1
7fa1f801d000-7fa1f8020000 r--p 00014000 08:05 2622829                    /lib/x86_64-linux-gnu/libgcc_s.so.1
7fa1f8020000-7fa1f8021000 ---p 00017000 08:05 2622829                    /lib/x86_64-linux-gnu/libgcc_s.so.1
7fa1f8021000-7fa1f8022000 r--p 00017000 08:05 2622829                    /lib/x86_64-linux-gnu/libgcc_s.so.1
7fa1f8022000-7fa1f8023000 rw-p 00018000 08:05 2622829                    /lib/x86_64-linux-gnu/libgcc_s.so.1
7fa1f8023000-7fa1f802e000 r--p 00000000 08:05 1836111                    /usr/lib/x86_64-linux-gnu/libxcb.so.1.1.0
7fa1f802e000-7fa1f8041000 r-xp 0000b000 08:05 1836111                    /usr/lib/x86_64-linux-gnu/libxcb.so.1.1.0
7fa1f8041000-7fa1f804a000 r--p 0001e000 08:05 1836111                    /usr/lib/x86_64-linux-gnu/libxcb.so.1.1.0
7fa1f804a000-7fa1f804b000 r--p 00026000 08:05 1836111                    /usr/lib/x86_64-linux-gnu/libxcb.so.1.1.0
7fa1f804b000-7fa1f804c000 rw-p 00027000 08:05 1836111                    /usr/lib/x86_64-linux-gnu/libxcb.so.1.1.0
7fa1f806e000-7fa1f8071000 rw-s 00000000 00:05 15532040                   /SYSV00000000 (deleted)
7fa1f8071000-7fa1f8087000 r-xp 00000000 08:05 1573041                    /opt/xdman/jre/lib/amd64/libnet.so
7fa1f8087000-7fa1f8286000 ---p 00016000 08:05 1573041                    /opt/xdman/jre/lib/amd64/libnet.so
7fa1f8286000-7fa1f8287000 r--p 00015000 08:05 1573041                    /opt/xdman/jre/lib/amd64/libnet.so
7fa1f8287000-7fa1f8288000 rw-p 00016000 08:05 1573041                    /opt/xdman/jre/lib/amd64/libnet.so
7fa1f8288000-7fa1f828b000 ---p 00000000 00:00 0 
7fa1f828b000-7fa1f8389000 rw-p 00000000 00:00 0 
7fa1f8389000-7fa1f838a000 ---p 00000000 00:00 0 
7fa1f838a000-7fa1f848a000 rw-p 00000000 00:00 0 
7fa1f848a000-7fa1f848d000 ---p 00000000 00:00 0 
7fa1f848d000-7fa1f858b000 rw-p 00000000 00:00 0 
7fa1f858b000-7fa1f858c000 ---p 00000000 00:00 0 
7fa1f858c000-7fa1f858f000 ---p 00000000 00:00 0 
7fa1f858f000-7fa1f868c000 rw-p 00000000 00:00 0 
7fa1f868c000-7fa1f868d000 ---p 00000000 00:00 0 
7fa1f868d000-7fa1f8690000 ---p 00000000 00:00 0 
7fa1f8690000-7fa1f878d000 rw-p 00000000 00:00 0 
7fa1f878d000-7fa1f878e000 ---p 00000000 00:00 0 
7fa1f878e000-7fa1f8791000 ---p 00000000 00:00 0 
7fa1f8791000-7fa1f888e000 rw-p 00000000 00:00 0 
7fa1f888e000-7fa1f8891000 ---p 00000000 00:00 0 
7fa1f8891000-7fa1f898f000 rw-p 00000000 00:00 0 
7fa1f898f000-7fa1f8eff000 r--p 00000000 08:05 1835139                    /usr/lib/locale/locale-archive
7fa1f8eff000-7fa1f8f02000 ---p 00000000 00:00 0 
7fa1f8f02000-7fa1f9000000 rw-p 00000000 00:00 0 
7fa1f9000000-7fa1f9c20000 rwxp 00000000 00:00 0 
7fa1f9c20000-7fa208000000 ---p 00000000 00:00 0 
7fa208000000-7fa208211000 rw-p 00000000 00:00 0 
7fa208211000-7fa20c000000 ---p 00000000 00:00 0 
7fa20c000000-7fa20c001000 r--p 00000000 08:05 2621726                    /lib/x86_64-linux-gnu/libnss_dns-2.28.so
7fa20c001000-7fa20c005000 r-xp 00001000 08:05 2621726                    /lib/x86_64-linux-gnu/libnss_dns-2.28.so
7fa20c005000-7fa20c006000 r--p 00005000 08:05 2621726                    /lib/x86_64-linux-gnu/libnss_dns-2.28.so
7fa20c006000-7fa20c007000 r--p 00005000 08:05 2621726                    /lib/x86_64-linux-gnu/libnss_dns-2.28.so
7fa20c007000-7fa20c008000 rw-p 00006000 08:05 2621726                    /lib/x86_64-linux-gnu/libnss_dns-2.28.so
7fa20c008000-7fa20c01b000 r--s 00346000 08:05 1572999                    /opt/xdman/jre/lib/resources.jar
7fa20c01b000-7fa20c02d000 r--s 00159000 08:05 1573089                    /opt/xdman/xdman.jar
7fa20c02d000-7fa20c030000 ---p 00000000 00:00 0 
7fa20c030000-7fa20c12e000 rw-p 00000000 00:00 0 
7fa20c12e000-7fa20c12f000 ---p 00000000 00:00 0 
7fa20c12f000-7fa20d18c000 rw-p 00000000 00:00 0 
7fa20d18c000-7fa20d35a000 r--s 03bce000 08:05 1573093                    /opt/xdman/jre/lib/rt.jar
7fa20d35a000-7fa20de2b000 rw-p 00000000 00:00 0 
7fa20de2b000-7fa20de2c000 ---p 00000000 00:00 0 
7fa20de2c000-7fa20df2c000 rw-p 00000000 00:00 0 
7fa20df2c000-7fa20df2d000 ---p 00000000 00:00 0 
7fa20df2d000-7fa20e02d000 rw-p 00000000 00:00 0 
7fa20e02d000-7fa20e02e000 ---p 00000000 00:00 0 
7fa20e02e000-7fa20e12e000 rw-p 00000000 00:00 0 
7fa20e12e000-7fa20e12f000 ---p 00000000 00:00 0 
7fa20e12f000-7fa20e24c000 rw-p 00000000 00:00 0 
7fa20e24c000-7fa20e385000 ---p 00000000 00:00 0 
7fa20e385000-7fa20e3a2000 rw-p 00000000 00:00 0 
7fa20e3a2000-7fa20e4da000 ---p 00000000 00:00 0 
7fa20e4da000-7fa20e4e9000 rw-p 00000000 00:00 0 
7fa20e4e9000-7fa20e585000 ---p 00000000 00:00 0 
7fa20e585000-7fa20e5b7000 rw-p 00000000 00:00 0 
7fa20e5b7000-7fa20e946000 ---p 00000000 00:00 0 
7fa20e946000-7fa20e94e000 r-xp 00000000 08:05 1573038                    /opt/xdman/jre/lib/amd64/libzip.so
7fa20e94e000-7fa20eb4d000 ---p 00008000 08:05 1573038                    /opt/xdman/jre/lib/amd64/libzip.so
7fa20eb4d000-7fa20eb4e000 r--p 00007000 08:05 1573038                    /opt/xdman/jre/lib/amd64/libzip.so
7fa20eb4e000-7fa20eb4f000 rw-p 00008000 08:05 1573038                    /opt/xdman/jre/lib/amd64/libzip.so
7fa20eb4f000-7fa20eb52000 r--p 00000000 08:05 2621728                    /lib/x86_64-linux-gnu/libnss_files-2.28.so
7fa20eb52000-7fa20eb59000 r-xp 00003000 08:05 2621728                    /lib/x86_64-linux-gnu/libnss_files-2.28.so
7fa20eb59000-7fa20eb5c000 r--p 0000a000 08:05 2621728                    /lib/x86_64-linux-gnu/libnss_files-2.28.so
7fa20eb5c000-7fa20eb5d000 r--p 0000c000 08:05 2621728                    /lib/x86_64-linux-gnu/libnss_files-2.28.so
7fa20eb5d000-7fa20eb5e000 rw-p 0000d000 08:05 2621728                    /lib/x86_64-linux-gnu/libnss_files-2.28.so
7fa20eb5e000-7fa20eb64000 rw-p 00000000 00:00 0 
7fa20eb64000-7fa20eb68000 r--p 00000000 08:05 2621722                    /lib/x86_64-linux-gnu/libnsl-2.28.so
7fa20eb68000-7fa20eb76000 r-xp 00004000 08:05 2621722                    /lib/x86_64-linux-gnu/libnsl-2.28.so
7fa20eb76000-7fa20eb7b000 r--p 00012000 08:05 2621722                    /lib/x86_64-linux-gnu/libnsl-2.28.so
7fa20eb7b000-7fa20eb7c000 r--p 00016000 08:05 2621722                    /lib/x86_64-linux-gnu/libnsl-2.28.so
7fa20eb7c000-7fa20eb7d000 rw-p 00017000 08:05 2621722                    /lib/x86_64-linux-gnu/libnsl-2.28.so
7fa20eb7d000-7fa20eb7f000 rw-p 00000000 00:00 0 
7fa20eb7f000-7fa20eb84000 r--s 0003b000 08:05 1573078                    /opt/xdman/jre/lib/ext/sunjce_provider.jar
7fa20eb84000-7fa20eb88000 r--s 00037000 08:05 1573073                    /opt/xdman/jre/lib/ext/sunpkcs11.jar
7fa20eb88000-7fa20eb8b000 r--s 00015000 08:05 1573071                    /opt/xdman/jre/lib/jce.jar
7fa20eb8b000-7fa20eb90000 r--s 0009a000 08:05 1572987                    /opt/xdman/jre/lib/jsse.jar
7fa20eb90000-7fa20eba4000 rw-p 00000000 00:00 0 
7fa20eba4000-7fa20ebd0000 r-xp 00000000 08:05 1573043                    /opt/xdman/jre/lib/amd64/libjava.so
7fa20ebd0000-7fa20edcf000 ---p 0002c000 08:05 1573043                    /opt/xdman/jre/lib/amd64/libjava.so
7fa20edcf000-7fa20edd0000 r--p 0002b000 08:05 1573043                    /opt/xdman/jre/lib/amd64/libjava.so
7fa20edd0000-7fa20edd2000 rw-p 0002c000 08:05 1573043                    /opt/xdman/jre/lib/amd64/libjava.so
7fa20edd2000-7fa20eddf000 r-xp 00000000 08:05 1573037                    /opt/xdman/jre/lib/amd64/libverify.so
7fa20eddf000-7fa20efde000 ---p 0000d000 08:05 1573037                    /opt/xdman/jre/lib/amd64/libverify.so
7fa20efde000-7fa20efe0000 r--p 0000c000 08:05 1573037                    /opt/xdman/jre/lib/amd64/libverify.so
7fa20efe0000-7fa20efe1000 rw-p 0000e000 08:05 1573037                    /opt/xdman/jre/lib/amd64/libverify.so
7fa20efe1000-7fa20efe3000 r--p 00000000 08:05 2621742                    /lib/x86_64-linux-gnu/librt-2.28.so
7fa20efe3000-7fa20efe7000 r-xp 00002000 08:05 2621742                    /lib/x86_64-linux-gnu/librt-2.28.so
7fa20efe7000-7fa20efe9000 r--p 00006000 08:05 2621742                    /lib/x86_64-linux-gnu/librt-2.28.so
7fa20efe9000-7fa20efea000 r--p 00007000 08:05 2621742                    /lib/x86_64-linux-gnu/librt-2.28.so
7fa20efea000-7fa20efeb000 rw-p 00008000 08:05 2621742                    /lib/x86_64-linux-gnu/librt-2.28.so
7fa20efeb000-7fa20efec000 ---p 00000000 00:00 0 
7fa20efec000-7fa20efef000 ---p 00000000 00:00 0 
7fa20efef000-7fa20f0ec000 rw-p 00000000 00:00 0 
7fa20f0ec000-7fa20f0f9000 r--p 00000000 08:05 2621716                    /lib/x86_64-linux-gnu/libm-2.28.so
7fa20f0f9000-7fa20f1a4000 r-xp 0000d000 08:05 2621716                    /lib/x86_64-linux-gnu/libm-2.28.so
7fa20f1a4000-7fa20f277000 r--p 000b8000 08:05 2621716                    /lib/x86_64-linux-gnu/libm-2.28.so
7fa20f277000-7fa20f278000 r--p 0018a000 08:05 2621716                    /lib/x86_64-linux-gnu/libm-2.28.so
7fa20f278000-7fa20f279000 rw-p 0018b000 08:05 2621716                    /lib/x86_64-linux-gnu/libm-2.28.so
7fa20f279000-7fa20fee3000 r-xp 00000000 08:05 1573061                    /opt/xdman/jre/lib/amd64/server/libjvm.so
7fa20fee3000-7fa2100e3000 ---p 00c6a000 08:05 1573061                    /opt/xdman/jre/lib/amd64/server/libjvm.so
7fa2100e3000-7fa210177000 r--p 00c6a000 08:05 1573061                    /opt/xdman/jre/lib/amd64/server/libjvm.so
7fa210177000-7fa21019f000 rw-p 00cfe000 08:05 1573061                    /opt/xdman/jre/lib/amd64/server/libjvm.so
7fa21019f000-7fa2101d2000 rw-p 00000000 00:00 0 
7fa2101d2000-7fa2101f4000 r--p 00000000 08:05 2621710                    /lib/x86_64-linux-gnu/libc-2.28.so
7fa2101f4000-7fa210365000 r-xp 00022000 08:05 2621710                    /lib/x86_64-linux-gnu/libc-2.28.so
7fa210365000-7fa2103b1000 r--p 00193000 08:05 2621710                    /lib/x86_64-linux-gnu/libc-2.28.so
7fa2103b1000-7fa2103b2000 ---p 001df000 08:05 2621710                    /lib/x86_64-linux-gnu/libc-2.28.so
7fa2103b2000-7fa2103b6000 r--p 001df000 08:05 2621710                    /lib/x86_64-linux-gnu/libc-2.28.so
7fa2103b6000-7fa2103b8000 rw-p 001e3000 08:05 2621710                    /lib/x86_64-linux-gnu/libc-2.28.so
7fa2103b8000-7fa2103bc000 rw-p 00000000 00:00 0 
7fa2103bc000-7fa2103bd000 r--p 00000000 08:05 2621714                    /lib/x86_64-linux-gnu/libdl-2.28.so
7fa2103bd000-7fa2103bf000 r-xp 00001000 08:05 2621714                    /lib/x86_64-linux-gnu/libdl-2.28.so
7fa2103bf000-7fa2103c0000 r--p 00003000 08:05 2621714                    /lib/x86_64-linux-gnu/libdl-2.28.so
7fa2103c0000-7fa2103c1000 r--p 00003000 08:05 2621714                    /lib/x86_64-linux-gnu/libdl-2.28.so
7fa2103c1000-7fa2103c2000 rw-p 00004000 08:05 2621714                    /lib/x86_64-linux-gnu/libdl-2.28.so
7fa2103c2000-7fa2103cf000 r-xp 00000000 08:05 1573052                    /opt/xdman/jre/lib/amd64/jli/libjli.so
7fa2103cf000-7fa2105ce000 ---p 0000d000 08:05 1573052                    /opt/xdman/jre/lib/amd64/jli/libjli.so
7fa2105ce000-7fa2105cf000 r--p 0000c000 08:05 1573052                    /opt/xdman/jre/lib/amd64/jli/libjli.so
7fa2105cf000-7fa2105d0000 rw-p 0000d000 08:05 1573052                    /opt/xdman/jre/lib/amd64/jli/libjli.so
7fa2105d0000-7fa2105ec000 r-xp 00000000 08:05 2626747                    /lib/x86_64-linux-gnu/libz.so.1.2.11
7fa2105ec000-7fa2107eb000 ---p 0001c000 08:05 2626747                    /lib/x86_64-linux-gnu/libz.so.1.2.11
7fa2107eb000-7fa2107ec000 r--p 0001b000 08:05 2626747                    /lib/x86_64-linux-gnu/libz.so.1.2.11
7fa2107ec000-7fa2107ed000 rw-p 0001c000 08:05 2626747                    /lib/x86_64-linux-gnu/libz.so.1.2.11
7fa2107ed000-7fa2107f3000 r--p 00000000 08:05 2621738                    /lib/x86_64-linux-gnu/libpthread-2.28.so
7fa2107f3000-7fa210802000 r-xp 00006000 08:05 2621738                    /lib/x86_64-linux-gnu/libpthread-2.28.so
7fa210802000-7fa210808000 r--p 00015000 08:05 2621738                    /lib/x86_64-linux-gnu/libpthread-2.28.so
7fa210808000-7fa210809000 r--p 0001a000 08:05 2621738                    /lib/x86_64-linux-gnu/libpthread-2.28.so
7fa210809000-7fa21080a000 rw-p 0001b000 08:05 2621738                    /lib/x86_64-linux-gnu/libpthread-2.28.so
7fa21080a000-7fa210810000 rw-p 00000000 00:00 0 
7fa210810000-7fa210812000 r--s 00008000 08:05 1573076                    /opt/xdman/jre/lib/ext/sunec.jar
7fa210812000-7fa21081a000 rw-s 00000000 08:05 3413265                    /tmp/hsperfdata_ybpcrest/3727
7fa21081a000-7fa21081c000 r--p 00000000 08:05 2621732                    /lib/x86_64-linux-gnu/libnss_nis-2.28.so
7fa21081c000-7fa210824000 r-xp 00002000 08:05 2621732                    /lib/x86_64-linux-gnu/libnss_nis-2.28.so
7fa210824000-7fa210826000 r--p 0000a000 08:05 2621732                    /lib/x86_64-linux-gnu/libnss_nis-2.28.so
7fa210826000-7fa210827000 r--p 0000b000 08:05 2621732                    /lib/x86_64-linux-gnu/libnss_nis-2.28.so
7fa210827000-7fa210828000 rw-p 0000c000 08:05 2621732                    /lib/x86_64-linux-gnu/libnss_nis-2.28.so
7fa210828000-7fa21082a000 r--p 00000000 08:05 2621724                    /lib/x86_64-linux-gnu/libnss_compat-2.28.so
7fa21082a000-7fa210830000 r-xp 00002000 08:05 2621724                    /lib/x86_64-linux-gnu/libnss_compat-2.28.so
7fa210830000-7fa210831000 r--p 00008000 08:05 2621724                    /lib/x86_64-linux-gnu/libnss_compat-2.28.so
7fa210831000-7fa210832000 r--p 00008000 08:05 2621724                    /lib/x86_64-linux-gnu/libnss_compat-2.28.so
7fa210832000-7fa210833000 rw-p 00009000 08:05 2621724                    /lib/x86_64-linux-gnu/libnss_compat-2.28.so
7fa210833000-7fa210834000 rw-p 00000000 00:00 0 
7fa210834000-7fa210835000 r--p 00000000 00:00 0 
7fa210835000-7fa210836000 r--p 00000000 08:05 2621702                    /lib/x86_64-linux-gnu/ld-2.28.so
7fa210836000-7fa210856000 r-xp 00001000 08:05 2621702                    /lib/x86_64-linux-gnu/ld-2.28.so
7fa210856000-7fa21085e000 r--p 00021000 08:05 2621702                    /lib/x86_64-linux-gnu/ld-2.28.so
7fa21085e000-7fa21085f000 r--p 00028000 08:05 2621702                    /lib/x86_64-linux-gnu/ld-2.28.so
7fa21085f000-7fa210860000 rw-p 00029000 08:05 2621702                    /lib/x86_64-linux-gnu/ld-2.28.so
7fa210860000-7fa210861000 rw-p 00000000 00:00 0 
7ffcb3238000-7ffcb3259000 rw-p 00000000 00:00 0                          [stack]
7ffcb329f000-7ffcb32a2000 r--p 00000000 00:00 0                          [vvar]
7ffcb32a2000-7ffcb32a4000 r-xp 00000000 00:00 0                          [vdso]
ffffffffff600000-ffffffffff601000 r-xp 00000000 00:00 0                  [vsyscall]

VM Arguments:
jvm_args: -Xmx1024m 
java_command: /opt/xdman/xdman.jar -m
java_class_path (initial): /opt/xdman/xdman.jar
Launcher Type: SUN_STANDARD

Environment Variables:
PATH=/usr/local/sbin:/usr/local/bin:/usr/sbin:/usr/bin:/sbin:/bin:/usr/games:/usr/local/games:/snap/bin
USERNAME=ybpcrest
SHELL=/bin/bash
DISPLAY=:0

Signal Handlers:
SIGSEGV: [libjvm.so+0xa6c220], sa_mask[0]=11111111011111111101111111111110, sa_flags=SA_RESTART|SA_SIGINFO
SIGBUS: [libjvm.so+0xa6c220], sa_mask[0]=11111111011111111101111111111110, sa_flags=SA_RESTART|SA_SIGINFO
SIGFPE: [libjvm.so+0x8ad240], sa_mask[0]=11111111011111111101111111111110, sa_flags=SA_RESTART|SA_SIGINFO
SIGPIPE: [libjvm.so+0x8ad240], sa_mask[0]=11111111011111111101111111111110, sa_flags=SA_RESTART|SA_SIGINFO
SIGXFSZ: [libjvm.so+0x8ad240], sa_mask[0]=11111111011111111101111111111110, sa_flags=SA_RESTART|SA_SIGINFO
SIGILL: [libjvm.so+0x8ad240], sa_mask[0]=11111111011111111101111111111110, sa_flags=SA_RESTART|SA_SIGINFO
SIGUSR1: SIG_DFL, sa_mask[0]=00000000000000000000000000000000, sa_flags=none
SIGUSR2: [libjvm.so+0x8ad110], sa_mask[0]=00000000000000000000000000000000, sa_flags=SA_RESTART|SA_SIGINFO
SIGHUP: [libjvm.so+0x8ad570], sa_mask[0]=11111111011111111101111111111110, sa_flags=SA_RESTART|SA_SIGINFO
SIGINT: [libjvm.so+0x8ad570], sa_mask[0]=11111111011111111101111111111110, sa_flags=SA_RESTART|SA_SIGINFO
SIGTERM: [libjvm.so+0x8ad570], sa_mask[0]=11111111011111111101111111111110, sa_flags=SA_RESTART|SA_SIGINFO
SIGQUIT: [libjvm.so+0x8ad570], sa_mask[0]=11111111011111111101111111111110, sa_flags=SA_RESTART|SA_SIGINFO


---------------  S Y S T E M  ---------------

OS:DISTRIB_ID=Ubuntu
DISTRIB_RELEASE=18.10
DISTRIB_CODENAME=cosmic
DISTRIB_DESCRIPTION="Ubuntu 18.10"

uname:Linux 4.18.0-12-generic #13-Ubuntu SMP Wed Nov 14 15:17:05 UTC 2018 x86_64
libc:glibc 2.28 NPTL 2.28 
rlimit: STACK 8192k, CORE 0k, NPROC 21444, NOFILE 1048576, AS infinity
load average:16,87 5,08 3,04

/proc/meminfo:
MemTotal:        5536924 kB
MemFree:         2970864 kB
MemAvailable:    4589624 kB
Buffers:           77240 kB
Cached:          1745392 kB
SwapCached:        15728 kB
Active:           923424 kB
Inactive:        1329672 kB
Active(anon):     404164 kB
Inactive(anon):    74908 kB
Active(file):     519260 kB
Inactive(file):  1254764 kB
Unevictable:           0 kB
Mlocked:               0 kB
SwapTotal:      10598396 kB
SwapFree:       10548476 kB
Dirty:              1576 kB
Writeback:          1524 kB
AnonPages:        425652 kB
Mapped:           199348 kB
Shmem:             48484 kB
Slab:             209324 kB
SReclaimable:     111500 kB
SUnreclaim:        97824 kB
KernelStack:        4512 kB
PageTables:         9524 kB
NFS_Unstable:          0 kB
Bounce:                0 kB
WritebackTmp:          0 kB
CommitLimit:    13366856 kB
Committed_AS:    2730356 kB
VmallocTotal:   34359738367 kB
VmallocUsed:           0 kB
VmallocChunk:          0 kB
HardwareCorrupted:     0 kB
AnonHugePages:         0 kB
ShmemHugePages:        0 kB
ShmemPmdMapped:        0 kB
CmaTotal:              0 kB
CmaFree:               0 kB
HugePages_Total:       0
HugePages_Free:        0
HugePages_Rsvd:        0
HugePages_Surp:        0
Hugepagesize:       2048 kB
Hugetlb:               0 kB
DirectMap4k:      448796 kB
DirectMap2M:     5267456 kB


CPU:total 4 (initial active 4) (2 cores per cpu, 2 threads per core) family 6 model 58 stepping 9, cmov, cx8, fxsr, mmx, sse, sse2, sse3, ssse3, sse4.1, sse4.2, popcnt, avx, clmul, erms, ht, tsc, tscinvbit, tscinv

/proc/cpuinfo:
processor	: 0
vendor_id	: GenuineIntel
cpu family	: 6
model		: 58
model name	: Intel(R) Core(TM) i3-3217U CPU @ 1.80GHz
stepping	: 9
microcode	: 0x20
cpu MHz		: 1222.975
cache size	: 3072 KB
physical id	: 0
siblings	: 4
core id		: 0
cpu cores	: 2
apicid		: 0
initial apicid	: 0
fpu		: yes
fpu_exception	: yes
cpuid level	: 13
wp		: yes
flags		: fpu vme de pse tsc msr pae mce cx8 apic sep mtrr pge mca cmov pat pse36 clflush dts acpi mmx fxsr sse sse2 ss ht tm pbe syscall nx rdtscp lm constant_tsc arch_perfmon pebs bts rep_good nopl xtopology nonstop_tsc cpuid aperfmperf pni pclmulqdq dtes64 monitor ds_cpl vmx est tm2 ssse3 cx16 xtpr pdcm pcid sse4_1 sse4_2 x2apic popcnt tsc_deadline_timer xsave avx f16c lahf_lm cpuid_fault epb pti ssbd ibrs ibpb stibp tpr_shadow vnmi flexpriority ept vpid fsgsbase smep erms xsaveopt dtherm ida arat pln pts flush_l1d
bugs		: cpu_meltdown spectre_v1 spectre_v2 spec_store_bypass l1tf
bogomips	: 3591.93
clflush size	: 64
cache_alignment	: 64
address sizes	: 36 bits physical, 48 bits virtual
power management:

processor	: 1
vendor_id	: GenuineIntel
cpu family	: 6
model		: 58
model name	: Intel(R) Core(TM) i3-3217U CPU @ 1.80GHz
stepping	: 9
microcode	: 0x20
cpu MHz		: 969.456
cache size	: 3072 KB
physical id	: 0
siblings	: 4
core id		: 1
cpu cores	: 2
apicid		: 2
initial apicid	: 2
fpu		: yes
fpu_exception	: yes
cpuid level	: 13
wp		: yes
flags		: fpu vme de pse tsc msr pae mce cx8 apic sep mtrr pge mca cmov pat pse36 clflush dts acpi mmx fxsr sse sse2 ss ht tm pbe syscall nx rdtscp lm constant_tsc arch_perfmon pebs bts rep_good nopl xtopology nonstop_tsc cpuid aperfmperf pni pclmulqdq dtes64 monitor ds_cpl vmx est tm2 ssse3 cx16 xtpr pdcm pcid sse4_1 sse4_2 x2apic popcnt tsc_deadline_timer xsave avx f16c lahf_lm cpuid_fault epb pti ssbd ibrs ibpb stibp tpr_shadow vnmi flexpriority ept vpid fsgsbase smep erms xsaveopt dtherm ida arat pln pts flush_l1d
bugs		: cpu_meltdown spectre_v1 spectre_v2 spec_store_bypass l1tf
bogomips	: 3591.93
clflush size	: 64
cache_alignment	: 64
address sizes	: 36 bits physical, 48 bits virtual
power management:

processor	: 2
vendor_id	: GenuineIntel
cpu family	: 6
model		: 58
model name	: Intel(R) Core(TM) i3-3217U CPU @ 1.80GHz
stepping	: 9
microcode	: 0x20
cpu MHz		: 1223.589
cache size	: 3072 KB
physical id	: 0
siblings	: 4
core id		: 0
cpu cores	: 2
apicid		: 1
initial apicid	: 1
fpu		: yes
fpu_exception	: yes
cpuid level	: 13
wp		: yes
flags		: fpu vme de pse tsc msr pae mce cx8 apic sep mtrr pge mca cmov pat pse36 clflush dts acpi mmx fxsr sse sse2 ss ht tm pbe syscall nx rdtscp lm constant_tsc arch_perfmon pebs bts rep_good nopl xtopology nonstop_tsc cpuid aperfmperf pni pclmulqdq dtes64 monitor ds_cpl vmx est tm2 ssse3 cx16 xtpr pdcm pcid sse4_1 sse4_2 x2apic popcnt tsc_deadline_timer xsave avx f16c lahf_lm cpuid_fault epb pti ssbd ibrs ibpb stibp tpr_shadow vnmi flexpriority ept vpid fsgsbase smep erms xsaveopt dtherm ida arat pln pts flush_l1d
bugs		: cpu_meltdown spectre_v1 spectre_v2 spec_store_bypass l1tf
bogomips	: 3591.93
clflush size	: 64
cache_alignment	: 64
address sizes	: 36 bits physical, 48 bits virtual
power management:

processor	: 3
vendor_id	: GenuineIntel
cpu family	: 6
model		: 58
model name	: Intel(R) Core(TM) i3-3217U CPU @ 1.80GHz
stepping	: 9
microcode	: 0x20
cpu MHz		: 1052.271
cache size	: 3072 KB
physical id	: 0
siblings	: 4
core id		: 1
cpu cores	: 2
apicid		: 3
initial apicid	: 3
fpu		: yes
fpu_exception	: yes
cpuid level	: 13
wp		: yes
flags		: fpu vme de pse tsc msr pae mce cx8 apic sep mtrr pge mca cmov pat pse36 clflush dts acpi mmx fxsr sse sse2 ss ht tm pbe syscall nx rdtscp lm constant_tsc arch_perfmon pebs bts rep_good nopl xtopology nonstop_tsc cpuid aperfmperf pni pclmulqdq dtes64 monitor ds_cpl vmx est tm2 ssse3 cx16 xtpr pdcm pcid sse4_1 sse4_2 x2apic popcnt tsc_deadline_timer xsave avx f16c lahf_lm cpuid_fault epb pti ssbd ibrs ibpb stibp tpr_shadow vnmi flexpriority ept vpid fsgsbase smep erms xsaveopt dtherm ida arat pln pts flush_l1d
bugs		: cpu_meltdown spectre_v1 spectre_v2 spec_store_bypass l1tf
bogomips	: 3591.93
clflush size	: 64
cache_alignment	: 64
address sizes	: 36 bits physical, 48 bits virtual
power management:



Memory: 4k page, physical 5536924k(2970864k free), swap 10598396k(10548476k free)

vm_info: OpenJDK 64-Bit Server VM (25.141-b15) for linux-amd64 JRE (1.8.0_141-BLFS-b15), built on Jul 31 2017 19:13:20 by "pierre" with gcc 7.1.0

time: Thu Dec 13 20:58:01 2018
elapsed time: 9796 seconds (0d 2h 43m 16s)

