#
# A fatal error has been detected by the Java Runtime Environment:
#
#  SIGSEGV (0xb) at pc=0x00007f97d906977a, pid=4014, tid=0x00007f979b6d1700
#
# JRE version: OpenJDK Runtime Environment (8.0_141-b15) (build 1.8.0_141-BLFS-b15)
# Java VM: OpenJDK 64-Bit Server VM (25.141-b15 mixed mode linux-amd64 compressed oops)
# Problematic frame:
# v  ~BufferBlob::jni_fast_GetLongField
#
# Failed to write core dump. Core dumps have been disabled. To enable core dumping, try "ulimit -c unlimited" before starting Java again
#
# If you would like to submit a bug report, please visit:
#   http://bugreport.java.com/bugreport/crash.jsp
# The crash happened outside the Java Virtual Machine in native code.
# See problematic frame for where to report the bug.
#

---------------  T H R E A D  ---------------

Current thread (0x00007f97940ca800):  JavaThread "AWT-XAWT" daemon [_thread_in_native, id=4301, stack(0x00007f979b5d1000,0x00007f979b6d2000)]

siginfo: si_signo: 11 (SIGSEGV), si_code: 1 (SEGV_MAPERR), si_addr: 0x0000000000000000

Registers:
RAX=0x00007f97ee341f60, RBX=0x00007f97940ca9e0, RCX=0x0000000000000001, RDX=0x0000000000000042
RSP=0x00007f979b6d06c8, RBP=0x00007f979b6d06f0, RSI=0x0000000000000000, RDI=0x00007f97940ca9e0
R8 =0x00007f97d0084050, R9 =0x0000000000000000, R10=0x000000000000091e, R11=0x00000000000001f4
R12=0x0000000000000000, R13=0x0000000000000000, R14=0x00007f97c8d30ae0, R15=0x00007f97940ca800
RIP=0x00007f97d906977a, EFLAGS=0x0000000000010246, CSGSFS=0x002b000000000033, ERR=0x0000000000000004
  TRAPNO=0x000000000000000e

Top of Stack: (sp=0x00007f979b6d06c8)
0x00007f979b6d06c8:   00007f97c8b0e624 00007f9798fcfa48
0x00007f979b6d06d8:   0000000000000000 00000000eb62b328
0x00007f979b6d06e8:   00007f979b6d0770 00007f976034e6b0
0x00007f979b6d06f8:   00007f97d008c3ad 00007f9798fcfa48
0x00007f979b6d0708:   00007f979b6d0730 0000000000000000
0x00007f979b6d0718:   00007f97d0084073 00000000eb62b328
0x00007f979b6d0728:   00007f97c8b06a8f 00007f979b6d0780
0x00007f979b6d0738:   00007f97d91bc0f6 00000000c013b678
0x00007f979b6d0748:   00000000c01c9298 00000000eb62b2f8
0x00007f979b6d0758:   00000000eb62b330 00000000eb62b370
0x00007f979b6d0768:   00000000c01c9298 00000000c0004790
0x00007f979b6d0778:   00000000c0001948 00007f979b6d09c0
0x00007f979b6d0788:   00007f97d99a1d7c 0000000000000059
0x00007f979b6d0798:   00007f97d88e4188 00007f97940ca800
0x00007f979b6d07a8:   00000000000003d8 00007f97a4012158
0x00007f979b6d07b8:   00007f97a4011d80 00007f97940ca1a0
0x00007f979b6d07c8:   00007f97a4011d70 00ffffffffffffff
0x00007f979b6d07d8:   0000000000000040 00007f979b6d0830
0x00007f979b6d07e8:   0000000000000000 0000000000000004
0x00007f979b6d07f8:   00007f97edcdde35 00007f97d88e4188
0x00007f979b6d0808:   0000000000000008 00007f979b6d0870
0x00007f979b6d0818:   0000000000000008 00007f979b6d0840
0x00007f979b6d0828:   0000000000000040 00007f979b6d08d0
0x00007f979b6d0838:   00007f97edd9c52e 0000000000000000
0x00007f979b6d0848:   0000000000000000 0000000000000000
0x00007f979b6d0858:   00000000c020d268 00000000c010e6c8
0x00007f979b6d0868:   00000000c020d268 0000000000000000
0x00007f979b6d0878:   00000000c010e6c8 00000000c010e6c8
0x00007f979b6d0888:   00000000c020d268 00000000c020d268
0x00007f979b6d0898:   00000000c010e6c8 0000000000000000
0x00007f979b6d08a8:   00000000c0004778 00000000c0001930
0x00007f979b6d08b8:   00000000c00a8a58 00007f9788001100 

Instructions: (pc=0x00007f97d906977a)
0x00007f97d906975a:   00 00 00 00 00 00 44 8b 15 cd 52 30 15 4c 8b ce
0x00007f97d906976a:   41 f6 c2 01 0f 85 2e 00 00 00 4d 33 ca 4d 33 ca
0x00007f97d906977a:   4d 8b 09 4c 8b da 49 c1 eb 02 4b 8b 04 19 49 bb
0x00007f97d906978a:   34 ea 36 ee 97 7f 00 00 4c 33 d8 4c 33 d8 45 3b 

Register to memory mapping:

RAX=0x00007f97ee341f60: <offset 0xf0df60> in /opt/xdman/jre/lib/amd64/server/libjvm.so at 0x00007f97ed434000
RBX=0x00007f97940ca9e0 is an unknown value
RCX=0x0000000000000001 is an unknown value
RDX=0x0000000000000042 is an unknown value
RSP=0x00007f979b6d06c8 is pointing into the stack for thread: 0x00007f97940ca800
RBP=0x00007f979b6d06f0 is pointing into the stack for thread: 0x00007f97940ca800
RSI=0x0000000000000000 is an unknown value
RDI=0x00007f97940ca9e0 is an unknown value
R8 =0x00007f97d0084050: <offset 0x5c050> in /usr/lib/x86_64-linux-gnu/libX11.so.6 at 0x00007f97d0028000
R9 =0x0000000000000000 is an unknown value
R10=0x000000000000091e is an unknown value
R11=0x00000000000001f4 is an unknown value
R12=0x0000000000000000 is an unknown value
R13=0x0000000000000000 is an unknown value
R14=0x00007f97c8d30ae0: <offset 0x255ae0> in /opt/xdman/jre/lib/amd64/libawt_xawt.so at 0x00007f97c8adb000
R15=0x00007f97940ca800 is a thread


Stack: [0x00007f979b5d1000,0x00007f979b6d2000],  sp=0x00007f979b6d06c8,  free space=1021k
Native frames: (J=compiled Java code, j=interpreted, Vv=VM code, C=native code)
v  ~BufferBlob::jni_fast_GetLongField
C  [libX11.so.6+0x643ad]  _XimServerDestroy+0x3d

Java frames: (J=compiled Java code, j=interpreted, Vv=VM code)
J 1287  sun.awt.X11.XlibWrapper.XFilterEvent(JJ)Z (0 bytes) @ 0x00007f97d91bc084 [0x00007f97d91bc040+0x44]
J 3094% C1 sun.awt.X11.XToolkit.run(Z)V (410 bytes) @ 0x00007f97d99a1d7c [0x00007f97d999e5e0+0x379c]
j  sun.awt.X11.XToolkit.run()V+5
j  java.lang.Thread.run()V+11
v  ~StubRoutines::call_stub

---------------  P R O C E S S  ---------------

Java Threads: ( => current thread )
  0x00007f9794140000 JavaThread "Thread-67" daemon [_thread_in_native, id=31229, stack(0x00007f979a486000,0x00007f979a587000)]
  0x00007f9794143000 JavaThread "Thread-33" daemon [_thread_in_native, id=15206, stack(0x00007f979ae90000,0x00007f979af91000)]
  0x00007f9758011800 JavaThread "Thread-9" [_thread_blocked, id=7652, stack(0x00007f9799324000,0x00007f9799425000)]
  0x00007f976407a800 JavaThread "TimerQueue" daemon [_thread_blocked, id=7647, stack(0x00007f979a587000,0x00007f979a688000)]
  0x00007f9794157800 JavaThread "Thread-7" daemon [_thread_in_native, id=5602, stack(0x00007f979a888000,0x00007f979a989000)]
  0x00007f9794156000 JavaThread "Thread-6" daemon [_thread_in_native, id=5601, stack(0x00007f979a989000,0x00007f979aa8a000)]
  0x00007f9794154000 JavaThread "Thread-5" daemon [_thread_in_native, id=5600, stack(0x00007f979aa8a000,0x00007f979ab8b000)]
  0x00007f9794141000 JavaThread "Thread-4" daemon [_thread_in_native, id=5599, stack(0x00007f979ab8b000,0x00007f979ac8c000)]
  0x00007f9794128000 JavaThread "Thread-1" [_thread_blocked, id=4337, stack(0x00007f979b4d0000,0x00007f979b5d1000)]
=>0x00007f97940ca800 JavaThread "AWT-XAWT" daemon [_thread_in_native, id=4301, stack(0x00007f979b5d1000,0x00007f979b6d2000)]
  0x00007f97940a9000 JavaThread "Java2D Disposer" daemon [_thread_blocked, id=4300, stack(0x00007f979bae2000,0x00007f979bbe3000)]
  0x00007f97e800a000 JavaThread "DestroyJavaVM" [_thread_blocked, id=4096, stack(0x00007f97ed1a7000,0x00007f97ed2a7000)]
  0x00007f97e81fd800 JavaThread "Thread-0" [_thread_in_native, id=4226, stack(0x00007f97d0379000,0x00007f97d047a000)]
  0x00007f97e81a9800 JavaThread "Service Thread" daemon [_thread_blocked, id=4206, stack(0x00007f97d057b000,0x00007f97d067c000)]
  0x00007f97e8184800 JavaThread "C1 CompilerThread2" daemon [_thread_blocked, id=4205, stack(0x00007f97d067d000,0x00007f97d077d000)]
  0x00007f97e8183000 JavaThread "C2 CompilerThread1" daemon [_thread_blocked, id=4204, stack(0x00007f97d077e000,0x00007f97d087e000)]
  0x00007f97e8180000 JavaThread "C2 CompilerThread0" daemon [_thread_blocked, id=4203, stack(0x00007f97d087f000,0x00007f97d097f000)]
  0x00007f97e817e800 JavaThread "Signal Dispatcher" daemon [_thread_blocked, id=4202, stack(0x00007f97d097f000,0x00007f97d0a80000)]
  0x00007f97e814b000 JavaThread "Finalizer" daemon [_thread_blocked, id=4195, stack(0x00007f97d0ff0000,0x00007f97d10f1000)]
  0x00007f97e8146800 JavaThread "Reference Handler" daemon [_thread_blocked, id=4188, stack(0x00007f97d10f1000,0x00007f97d11f2000)]

Other Threads:
  0x00007f97e813e800 VMThread [stack: 0x00007f97d11f3000,0x00007f97d12f3000] [id=4163]
  0x00007f97e81ac800 WatcherThread [stack: 0x00007f97d047b000,0x00007f97d057b000] [id=4207]

VM state:not at safepoint (normal execution)

VM Mutex/Monitor currently owned by a thread: None

Heap:
 PSYoungGen      total 19968K, used 11501K [0x00000000eab00000, 0x00000000ebf80000, 0x0000000100000000)
  eden space 19456K, 58% used [0x00000000eab00000,0x00000000eb62b790,0x00000000ebe00000)
  from space 512K, 12% used [0x00000000ebf00000,0x00000000ebf10000,0x00000000ebf80000)
  to   space 512K, 0% used [0x00000000ebe80000,0x00000000ebe80000,0x00000000ebf00000)
 ParOldGen       total 58880K, used 9746K [0x00000000c0000000, 0x00000000c3980000, 0x00000000eab00000)
  object space 58880K, 16% used [0x00000000c0000000,0x00000000c0984950,0x00000000c3980000)
 Metaspace       used 19500K, capacity 19864K, committed 20224K, reserved 1067008K
  class space    used 2121K, capacity 2231K, committed 2304K, reserved 1048576K

Card table byte_map: [0x00007f97ec540000,0x00007f97ec741000] byte_map_base: 0x00007f97ebf40000

Marking Bits: (ParMarkBitMap*) 0x00007f97ee36e120
 Begin Bits: [0x00007f97d2000000, 0x00007f97d3000000)
 End Bits:   [0x00007f97d3000000, 0x00007f97d4000000)

Polling page: 0x00007f97ee9ef000

CodeCache: size=245760Kb used=11332Kb max_used=11345Kb free=234427Kb
 bounds [0x00007f97d9000000, 0x00007f97d9b30000, 0x00007f97e8000000]
 total_blobs=3744 nmethods=3123 adapters=533
 compilation: enabled

Compilation events (10 events):
Event: 39784,195 Thread 0x00007f97e8183000 3691       4       java.nio.charset.Charset::lookup (44 bytes)
Event: 39784,203 Thread 0x00007f97e8183000 nmethod 3691 0x00007f97d9ac8f50 code [0x00007f97d9ac9100, 0x00007f97d9ac9558]
Event: 40085,083 Thread 0x00007f97e8180000 3692       4       xdman.ui.components.VideoPopup::getIdAndLen (152 bytes)
Event: 40085,233 Thread 0x00007f97e8180000 nmethod 3692 0x00007f97d9b089d0 code [0x00007f97d9b08ca0, 0x00007f97d9b0ac08]
Event: 41691,748 Thread 0x00007f97e8183000 3693   !   4       xdman.network.KeepAliveConnectionCache::scavengeCache (170 bytes)
Event: 41691,775 Thread 0x00007f97e8183000 nmethod 3693 0x00007f97d9b078d0 code [0x00007f97d9b07ac0, 0x00007f97d9b08290]
Event: 41758,277 Thread 0x00007f97e8184800 3694       3       javax.swing.AbstractButton::fireStateChanged (68 bytes)
Event: 41758,297 Thread 0x00007f97e8184800 nmethod 3694 0x00007f97d9aca110 code [0x00007f97d9aca2e0, 0x00007f97d9acaa78]
Event: 41758,297 Thread 0x00007f97e8184800 3695       3       javax.swing.plaf.basic.BasicButtonListener::stateChanged (13 bytes)
Event: 41758,298 Thread 0x00007f97e8184800 nmethod 3695 0x00007f97d9b06f10 code [0x00007f97d9b070c0, 0x00007f97d9b07648]

GC Heap History (10 events):
Event: 40536,613 GC heap before
{Heap before GC invocations=128 (full 0):
 PSYoungGen      total 19968K, used 19520K [0x00000000eab00000, 0x00000000ebf80000, 0x0000000100000000)
  eden space 19456K, 100% used [0x00000000eab00000,0x00000000ebe00000,0x00000000ebe00000)
  from space 512K, 12% used [0x00000000ebe80000,0x00000000ebe90000,0x00000000ebf00000)
  to   space 512K, 0% used [0x00000000ebf00000,0x00000000ebf00000,0x00000000ebf80000)
 ParOldGen       total 58880K, used 9698K [0x00000000c0000000, 0x00000000c3980000, 0x00000000eab00000)
  object space 58880K, 16% used [0x00000000c0000000,0x00000000c0978950,0x00000000c3980000)
 Metaspace       used 19499K, capacity 19864K, committed 20224K, reserved 1067008K
  class space    used 2121K, capacity 2231K, committed 2304K, reserved 1048576K
Event: 40536,615 GC heap after
Heap after GC invocations=128 (full 0):
 PSYoungGen      total 19968K, used 32K [0x00000000eab00000, 0x00000000ebf80000, 0x0000000100000000)
  eden space 19456K, 0% used [0x00000000eab00000,0x00000000eab00000,0x00000000ebe00000)
  from space 512K, 6% used [0x00000000ebf00000,0x00000000ebf08000,0x00000000ebf80000)
  to   space 512K, 0% used [0x00000000ebe80000,0x00000000ebe80000,0x00000000ebf00000)
 ParOldGen       total 58880K, used 9706K [0x00000000c0000000, 0x00000000c3980000, 0x00000000eab00000)
  object space 58880K, 16% used [0x00000000c0000000,0x00000000c097a950,0x00000000c3980000)
 Metaspace       used 19499K, capacity 19864K, committed 20224K, reserved 1067008K
  class space    used 2121K, capacity 2231K, committed 2304K, reserved 1048576K
}
Event: 40839,608 GC heap before
{Heap before GC invocations=129 (full 0):
 PSYoungGen      total 19968K, used 19488K [0x00000000eab00000, 0x00000000ebf80000, 0x0000000100000000)
  eden space 19456K, 100% used [0x00000000eab00000,0x00000000ebe00000,0x00000000ebe00000)
  from space 512K, 6% used [0x00000000ebf00000,0x00000000ebf08000,0x00000000ebf80000)
  to   space 512K, 0% used [0x00000000ebe80000,0x00000000ebe80000,0x00000000ebf00000)
 ParOldGen       total 58880K, used 9706K [0x00000000c0000000, 0x00000000c3980000, 0x00000000eab00000)
  object space 58880K, 16% used [0x00000000c0000000,0x00000000c097a950,0x00000000c3980000)
 Metaspace       used 19499K, capacity 19864K, committed 20224K, reserved 1067008K
  class space    used 2121K, capacity 2231K, committed 2304K, reserved 1048576K
Event: 40839,610 GC heap after
Heap after GC invocations=129 (full 0):
 PSYoungGen      total 19968K, used 64K [0x00000000eab00000, 0x00000000ebf80000, 0x0000000100000000)
  eden space 19456K, 0% used [0x00000000eab00000,0x00000000eab00000,0x00000000ebe00000)
  from space 512K, 12% used [0x00000000ebe80000,0x00000000ebe90000,0x00000000ebf00000)
  to   space 512K, 0% used [0x00000000ebf00000,0x00000000ebf00000,0x00000000ebf80000)
 ParOldGen       total 58880K, used 9722K [0x00000000c0000000, 0x00000000c3980000, 0x00000000eab00000)
  object space 58880K, 16% used [0x00000000c0000000,0x00000000c097e950,0x00000000c3980000)
 Metaspace       used 19499K, capacity 19864K, committed 20224K, reserved 1067008K
  class space    used 2121K, capacity 2231K, committed 2304K, reserved 1048576K
}
Event: 41116,608 GC heap before
{Heap before GC invocations=130 (full 0):
 PSYoungGen      total 19968K, used 19520K [0x00000000eab00000, 0x00000000ebf80000, 0x0000000100000000)
  eden space 19456K, 100% used [0x00000000eab00000,0x00000000ebe00000,0x00000000ebe00000)
  from space 512K, 12% used [0x00000000ebe80000,0x00000000ebe90000,0x00000000ebf00000)
  to   space 512K, 0% used [0x00000000ebf00000,0x00000000ebf00000,0x00000000ebf80000)
 ParOldGen       total 58880K, used 9722K [0x00000000c0000000, 0x00000000c3980000, 0x00000000eab00000)
  object space 58880K, 16% used [0x00000000c0000000,0x00000000c097e950,0x00000000c3980000)
 Metaspace       used 19499K, capacity 19864K, committed 20224K, reserved 1067008K
  class space    used 2121K, capacity 2231K, committed 2304K, reserved 1048576K
Event: 41116,610 GC heap after
Heap after GC invocations=130 (full 0):
 PSYoungGen      total 19968K, used 96K [0x00000000eab00000, 0x00000000ebf80000, 0x0000000100000000)
  eden space 19456K, 0% used [0x00000000eab00000,0x00000000eab00000,0x00000000ebe00000)
  from space 512K, 18% used [0x00000000ebf00000,0x00000000ebf18000,0x00000000ebf80000)
  to   space 512K, 0% used [0x00000000ebe80000,0x00000000ebe80000,0x00000000ebf00000)
 ParOldGen       total 58880K, used 9722K [0x00000000c0000000, 0x00000000c3980000, 0x00000000eab00000)
  object space 58880K, 16% used [0x00000000c0000000,0x00000000c097e950,0x00000000c3980000)
 Metaspace       used 19499K, capacity 19864K, committed 20224K, reserved 1067008K
  class space    used 2121K, capacity 2231K, committed 2304K, reserved 1048576K
}
Event: 41347,608 GC heap before
{Heap before GC invocations=131 (full 0):
 PSYoungGen      total 19968K, used 19552K [0x00000000eab00000, 0x00000000ebf80000, 0x0000000100000000)
  eden space 19456K, 100% used [0x00000000eab00000,0x00000000ebe00000,0x00000000ebe00000)
  from space 512K, 18% used [0x00000000ebf00000,0x00000000ebf18000,0x00000000ebf80000)
  to   space 512K, 0% used [0x00000000ebe80000,0x00000000ebe80000,0x00000000ebf00000)
 ParOldGen       total 58880K, used 9722K [0x00000000c0000000, 0x00000000c3980000, 0x00000000eab00000)
  object space 58880K, 16% used [0x00000000c0000000,0x00000000c097e950,0x00000000c3980000)
 Metaspace       used 19499K, capacity 19864K, committed 20224K, reserved 1067008K
  class space    used 2121K, capacity 2231K, committed 2304K, reserved 1048576K
Event: 41347,610 GC heap after
Heap after GC invocations=131 (full 0):
 PSYoungGen      total 19968K, used 32K [0x00000000eab00000, 0x00000000ebf80000, 0x0000000100000000)
  eden space 19456K, 0% used [0x00000000eab00000,0x00000000eab00000,0x00000000ebe00000)
  from space 512K, 6% used [0x00000000ebe80000,0x00000000ebe88000,0x00000000ebf00000)
  to   space 512K, 0% used [0x00000000ebf00000,0x00000000ebf00000,0x00000000ebf80000)
 ParOldGen       total 58880K, used 9738K [0x00000000c0000000, 0x00000000c3980000, 0x00000000eab00000)
  object space 58880K, 16% used [0x00000000c0000000,0x00000000c0982950,0x00000000c3980000)
 Metaspace       used 19499K, capacity 19864K, committed 20224K, reserved 1067008K
  class space    used 2121K, capacity 2231K, committed 2304K, reserved 1048576K
}
Event: 41614,612 GC heap before
{Heap before GC invocations=132 (full 0):
 PSYoungGen      total 19968K, used 19488K [0x00000000eab00000, 0x00000000ebf80000, 0x0000000100000000)
  eden space 19456K, 100% used [0x00000000eab00000,0x00000000ebe00000,0x00000000ebe00000)
  from space 512K, 6% used [0x00000000ebe80000,0x00000000ebe88000,0x00000000ebf00000)
  to   space 512K, 0% used [0x00000000ebf00000,0x00000000ebf00000,0x00000000ebf80000)
 ParOldGen       total 58880K, used 9738K [0x00000000c0000000, 0x00000000c3980000, 0x00000000eab00000)
  object space 58880K, 16% used [0x00000000c0000000,0x00000000c0982950,0x00000000c3980000)
 Metaspace       used 19499K, capacity 19864K, committed 20224K, reserved 1067008K
  class space    used 2121K, capacity 2231K, committed 2304K, reserved 1048576K
Event: 41614,615 GC heap after
Heap after GC invocations=132 (full 0):
 PSYoungGen      total 19968K, used 64K [0x00000000eab00000, 0x00000000ebf80000, 0x0000000100000000)
  eden space 19456K, 0% used [0x00000000eab00000,0x00000000eab00000,0x00000000ebe00000)
  from space 512K, 12% used [0x00000000ebf00000,0x00000000ebf10000,0x00000000ebf80000)
  to   space 512K, 0% used [0x00000000ebe80000,0x00000000ebe80000,0x00000000ebf00000)
 ParOldGen       total 58880K, used 9746K [0x00000000c0000000, 0x00000000c3980000, 0x00000000eab00000)
  object space 58880K, 16% used [0x00000000c0000000,0x00000000c0984950,0x00000000c3980000)
 Metaspace       used 19499K, capacity 19864K, committed 20224K, reserved 1067008K
  class space    used 2121K, capacity 2231K, committed 2304K, reserved 1048576K
}

Deoptimization events (10 events):
Event: 31279,441 Thread 0x00007f9758017000 Uncommon trap: reason=unstable_if action=reinterpret pc=0x00007f97d9847308 method=sun.security.ssl.SSLSocketImpl.readRecord(Lsun/security/ssl/InputRecord;Z)V @ 16
Event: 31279,442 Thread 0x00007f9758017000 Uncommon trap: reason=unstable_if action=reinterpret pc=0x00007f97d93367f0 method=sun.security.ssl.AppInputStream.read([BII)I @ 82
Event: 31279,443 Thread 0x00007f9790001800 Uncommon trap: reason=unstable_if action=reinterpret pc=0x00007f97d9847308 method=sun.security.ssl.SSLSocketImpl.readRecord(Lsun/security/ssl/InputRecord;Z)V @ 16
Event: 31279,443 Thread 0x00007f9790001800 Uncommon trap: reason=unstable_if action=reinterpret pc=0x00007f97d93367f0 method=sun.security.ssl.AppInputStream.read([BII)I @ 82
Event: 31449,670 Thread 0x00007f9758016000 Uncommon trap: reason=unloaded action=reinterpret pc=0x00007f97d9315478 method=java.net.SocketInputStream.read([BIII)I @ 151
Event: 31449,670 Thread 0x00007f9758016000 Uncommon trap: reason=unstable_if action=reinterpret pc=0x00007f97d910de10 method=java.net.AbstractPlainSocketImpl.isConnectionReset()Z @ 15
Event: 31450,922 Thread 0x00007f9758011800 Uncommon trap: reason=unstable_if action=reinterpret pc=0x00007f97d92973e0 method=xdman.network.KeepAliveConnectionCache.scavengeCache()V @ 82
Event: 31500,882 Thread 0x00007f976408b800 Uncommon trap: reason=unstable_if action=reinterpret pc=0x00007f97d979cca0 method=java.awt.Container$MouseEventTargetFilter.accept(Ljava/awt/Component;)Z @ 10
Event: 32993,005 Thread 0x00007f9794140000 Uncommon trap: reason=unstable_if action=reinterpret pc=0x00007f97d96ed570 method=java.lang.String.split(Ljava/lang/String;I)[Ljava/lang/String; @ 281
Event: 39550,107 Thread 0x00007f9794140000 Uncommon trap: reason=unstable_if action=reinterpret pc=0x00007f97d9ad9d84 method=xdman.monitoring.MonitoringSession.processDashSegment(Lxdman/monitoring/ParsedHookData;)Z @ 873

Internal exceptions (10 events):
Event: 39822,862 Thread 0x00007f976408b800 Implicit null exception at 0x00007f97d98b46d2 to 0x00007f97d98b5ba7
Event: 39822,862 Thread 0x00007f976408b800 Exception <a 'java/lang/NullPointerException'> (0x00000000eb963aa0) thrown at [/sources/openjdk/jdk8u-jdk8u141-b15/hotspot/src/share/vm/runtime/sharedRuntime.cpp, line 605]
Event: 39822,862 Thread 0x00007f976408b800 Implicit null exception at 0x00007f97d98b4e22 to 0x00007f97d98b5c57
Event: 39822,862 Thread 0x00007f976408b800 Exception <a 'java/lang/NullPointerException'> (0x00000000eb963ca8) thrown at [/sources/openjdk/jdk8u-jdk8u141-b15/hotspot/src/share/vm/runtime/sharedRuntime.cpp, line 605]
Event: 39824,675 Thread 0x00007f976408b800 Implicit null exception at 0x00007f97d98b46d2 to 0x00007f97d98b5ba7
Event: 39824,675 Thread 0x00007f976408b800 Exception <a 'java/lang/NullPointerException'> (0x00000000eba1d840) thrown at [/sources/openjdk/jdk8u-jdk8u141-b15/hotspot/src/share/vm/runtime/sharedRuntime.cpp, line 605]
Event: 39824,675 Thread 0x00007f976408b800 Implicit null exception at 0x00007f97d98b4e22 to 0x00007f97d98b5c57
Event: 39824,675 Thread 0x00007f976408b800 Exception <a 'java/lang/NullPointerException'> (0x00000000eba1da48) thrown at [/sources/openjdk/jdk8u-jdk8u141-b15/hotspot/src/share/vm/runtime/sharedRuntime.cpp, line 605]
Event: 40068,366 Thread 0x00007f9794140000 Exception <a 'java/lang/ArrayIndexOutOfBoundsException': 1> (0x00000000eaba6f18) thrown at [/sources/openjdk/jdk8u-jdk8u141-b15/hotspot/src/share/vm/interpreter/interpreterRuntime.cpp, line 366]
Event: 40068,580 Thread 0x00007f9794140000 Exception <a 'java/lang/ArrayIndexOutOfBoundsException': 1> (0x00000000eabc80a8) thrown at [/sources/openjdk/jdk8u-jdk8u141-b15/hotspot/src/share/vm/interpreter/interpreterRuntime.cpp, line 366]

Events (10 events):
Event: 41757,690 Executing VM operation: BulkRevokeBias
Event: 41757,691 Executing VM operation: BulkRevokeBias done
Event: 41757,691 Executing VM operation: BulkRevokeBias
Event: 41757,691 Executing VM operation: BulkRevokeBias done
Event: 41757,691 Executing VM operation: BulkRevokeBias
Event: 41757,691 Executing VM operation: BulkRevokeBias done
Event: 41759,277 Executing VM operation: RevokeBias
Event: 41759,278 Executing VM operation: RevokeBias done
Event: 41759,278 Thread 0x00007f976402a800 Thread exited: 0x00007f976402a800
Event: 41759,278 Thread 0x00007f976408b800 Thread exited: 0x00007f976408b800


Dynamic libraries:
00400000-00401000 r-xp 00000000 08:05 1572977                            /opt/xdman/jre/bin/java
00600000-00601000 r--p 00000000 08:05 1572977                            /opt/xdman/jre/bin/java
00601000-00602000 rw-p 00001000 08:05 1572977                            /opt/xdman/jre/bin/java
01f4a000-01f6b000 rw-p 00000000 00:00 0                                  [heap]
c0000000-c3980000 rw-p 00000000 00:00 0 
c3980000-eab00000 ---p 00000000 00:00 0 
eab00000-ebf80000 rw-p 00000000 00:00 0 
ebf80000-100000000 ---p 00000000 00:00 0 
100000000-100240000 rw-p 00000000 00:00 0 
100240000-140000000 ---p 00000000 00:00 0 
7f9750000000-7f975007f000 rw-p 00000000 00:00 0 
7f975007f000-7f9754000000 ---p 00000000 00:00 0 
7f9758000000-7f975803c000 rw-p 00000000 00:00 0 
7f975803c000-7f975c000000 ---p 00000000 00:00 0 
7f975c000000-7f975c021000 rw-p 00000000 00:00 0 
7f975c021000-7f9760000000 ---p 00000000 00:00 0 
7f9760000000-7f976038f000 rw-p 00000000 00:00 0 
7f976038f000-7f9764000000 ---p 00000000 00:00 0 
7f9764000000-7f9764230000 rw-p 00000000 00:00 0 
7f9764230000-7f9768000000 ---p 00000000 00:00 0 
7f9768000000-7f9768021000 rw-p 00000000 00:00 0 
7f9768021000-7f976c000000 ---p 00000000 00:00 0 
7f976c000000-7f976c021000 rw-p 00000000 00:00 0 
7f976c021000-7f9770000000 ---p 00000000 00:00 0 
7f9770000000-7f9770021000 rw-p 00000000 00:00 0 
7f9770021000-7f9774000000 ---p 00000000 00:00 0 
7f9774000000-7f9774021000 rw-p 00000000 00:00 0 
7f9774021000-7f9778000000 ---p 00000000 00:00 0 
7f9778000000-7f9778021000 rw-p 00000000 00:00 0 
7f9778021000-7f977c000000 ---p 00000000 00:00 0 
7f977c000000-7f977c021000 rw-p 00000000 00:00 0 
7f977c021000-7f9780000000 ---p 00000000 00:00 0 
7f9780000000-7f97800d5000 rw-p 00000000 00:00 0 
7f97800d5000-7f9784000000 ---p 00000000 00:00 0 
7f9784000000-7f9784028000 rw-p 00000000 00:00 0 
7f9784028000-7f9788000000 ---p 00000000 00:00 0 
7f9788000000-7f978802f000 rw-p 00000000 00:00 0 
7f978802f000-7f978c000000 ---p 00000000 00:00 0 
7f978c000000-7f978c299000 rw-p 00000000 00:00 0 
7f978c299000-7f9790000000 ---p 00000000 00:00 0 
7f9790000000-7f9790021000 rw-p 00000000 00:00 0 
7f9790021000-7f9794000000 ---p 00000000 00:00 0 
7f9794000000-7f97943f5000 rw-p 00000000 00:00 0 
7f97943f5000-7f9798000000 ---p 00000000 00:00 0 
7f979888d000-7f9798890000 ---p 00000000 00:00 0 
7f9798890000-7f979898e000 rw-p 00000000 00:00 0 
7f97989e4000-7f97989e7000 ---p 00000000 00:00 0 
7f97989e7000-7f9798ae5000 rw-p 00000000 00:00 0 
7f9798ae5000-7f9798ae8000 ---p 00000000 00:00 0 
7f9798ae8000-7f9798be6000 rw-p 00000000 00:00 0 
7f9798be6000-7f9798be9000 ---p 00000000 00:00 0 
7f9798be9000-7f9798ce7000 rw-p 00000000 00:00 0 
7f9798ce7000-7f9798cea000 ---p 00000000 00:00 0 
7f9798cea000-7f9798de8000 rw-p 00000000 00:00 0 
7f9798de8000-7f9798deb000 ---p 00000000 00:00 0 
7f9798deb000-7f9799069000 rw-p 00000000 00:00 0 
7f9799069000-7f97990ec000 ---p 00000000 00:00 0 
7f97990ec000-7f97991ea000 rw-p 00000000 00:00 0 
7f97991ea000-7f97991ed000 ---p 00000000 00:00 0 
7f97991ed000-7f9799223000 rw-p 00000000 00:00 0 
7f9799223000-7f9799226000 ---p 00000000 00:00 0 
7f9799226000-7f9799324000 rw-p 00000000 00:00 0 
7f9799324000-7f9799327000 ---p 00000000 00:00 0 
7f9799327000-7f9799425000 rw-p 00000000 00:00 0 
7f9799425000-7f9799428000 ---p 00000000 00:00 0 
7f9799428000-7f9799726000 rw-p 00000000 00:00 0 
7f9799726000-7f9799736000 r-xp 00000000 08:05 1573030                    /opt/xdman/jre/lib/amd64/libnio.so
7f9799736000-7f9799936000 ---p 00010000 08:05 1573030                    /opt/xdman/jre/lib/amd64/libnio.so
7f9799936000-7f9799937000 r--p 00010000 08:05 1573030                    /opt/xdman/jre/lib/amd64/libnio.so
7f9799937000-7f9799938000 rw-p 00011000 08:05 1573030                    /opt/xdman/jre/lib/amd64/libnio.so
7f9799938000-7f9799969000 r-xp 00000000 08:05 1842431                    /usr/lib/x86_64-linux-gnu/libpng16.so.16.34.0
7f9799969000-7f9799b68000 ---p 00031000 08:05 1842431                    /usr/lib/x86_64-linux-gnu/libpng16.so.16.34.0
7f9799b68000-7f9799b69000 r--p 00030000 08:05 1842431                    /usr/lib/x86_64-linux-gnu/libpng16.so.16.34.0
7f9799b69000-7f9799b6a000 rw-p 00031000 08:05 1842431                    /usr/lib/x86_64-linux-gnu/libpng16.so.16.34.0
7f9799b6a000-7f9799c17000 r-xp 00000000 08:05 1844415                    /usr/lib/x86_64-linux-gnu/libfreetype.so.6.15.0
7f9799c17000-7f9799e16000 ---p 000ad000 08:05 1844415                    /usr/lib/x86_64-linux-gnu/libfreetype.so.6.15.0
7f9799e16000-7f9799e1d000 r--p 000ac000 08:05 1844415                    /usr/lib/x86_64-linux-gnu/libfreetype.so.6.15.0
7f9799e1d000-7f9799e1e000 rw-p 000b3000 08:05 1844415                    /usr/lib/x86_64-linux-gnu/libfreetype.so.6.15.0
7f9799e1e000-7f9799e80000 r-xp 00000000 08:05 1573059                    /opt/xdman/jre/lib/amd64/libfontmanager.so
7f9799e80000-7f979a07f000 ---p 00062000 08:05 1573059                    /opt/xdman/jre/lib/amd64/libfontmanager.so
7f979a07f000-7f979a082000 r--p 00061000 08:05 1573059                    /opt/xdman/jre/lib/amd64/libfontmanager.so
7f979a082000-7f979a083000 rw-p 00064000 08:05 1573059                    /opt/xdman/jre/lib/amd64/libfontmanager.so
7f979a083000-7f979a284000 rw-p 00000000 00:00 0 
7f979a284000-7f979a287000 ---p 00000000 00:00 0 
7f979a287000-7f979a385000 rw-p 00000000 00:00 0 
7f979a385000-7f979a388000 ---p 00000000 00:00 0 
7f979a388000-7f979a486000 rw-p 00000000 00:00 0 
7f979a486000-7f979a489000 ---p 00000000 00:00 0 
7f979a489000-7f979a587000 rw-p 00000000 00:00 0 
7f979a587000-7f979a58a000 ---p 00000000 00:00 0 
7f979a58a000-7f979a888000 rw-p 00000000 00:00 0 
7f979a888000-7f979a88b000 ---p 00000000 00:00 0 
7f979a88b000-7f979a989000 rw-p 00000000 00:00 0 
7f979a989000-7f979a98c000 ---p 00000000 00:00 0 
7f979a98c000-7f979aa8a000 rw-p 00000000 00:00 0 
7f979aa8a000-7f979aa8d000 ---p 00000000 00:00 0 
7f979aa8d000-7f979ab8b000 rw-p 00000000 00:00 0 
7f979ab8b000-7f979ab8e000 ---p 00000000 00:00 0 
7f979ab8e000-7f979ac8c000 rw-p 00000000 00:00 0 
7f979ac8c000-7f979ac8f000 r-xp 00000000 08:05 2629643                    /lib/x86_64-linux-gnu/libnss_mdns4_minimal.so.2
7f979ac8f000-7f979ae8e000 ---p 00003000 08:05 2629643                    /lib/x86_64-linux-gnu/libnss_mdns4_minimal.so.2
7f979ae8e000-7f979ae8f000 r--p 00002000 08:05 2629643                    /lib/x86_64-linux-gnu/libnss_mdns4_minimal.so.2
7f979ae8f000-7f979ae90000 rw-p 00003000 08:05 2629643                    /lib/x86_64-linux-gnu/libnss_mdns4_minimal.so.2
7f979ae90000-7f979ae93000 ---p 00000000 00:00 0 
7f979ae93000-7f979af91000 rw-p 00000000 00:00 0 
7f979af91000-7f979af94000 ---p 00000000 00:00 0 
7f979af94000-7f979b292000 rw-p 00000000 00:00 0 
7f979b292000-7f979b2ca000 r-xp 00000000 08:05 1573057                    /opt/xdman/jre/lib/amd64/libsunec.so
7f979b2ca000-7f979b4c9000 ---p 00038000 08:05 1573057                    /opt/xdman/jre/lib/amd64/libsunec.so
7f979b4c9000-7f979b4ce000 r--p 00037000 08:05 1573057                    /opt/xdman/jre/lib/amd64/libsunec.so
7f979b4ce000-7f979b4d0000 rw-p 0003c000 08:05 1573057                    /opt/xdman/jre/lib/amd64/libsunec.so
7f979b4d0000-7f979b4d3000 ---p 00000000 00:00 0 
7f979b4d3000-7f979b5d1000 rw-p 00000000 00:00 0 
7f979b5d1000-7f979b5d4000 ---p 00000000 00:00 0 
7f979b5d4000-7f979b6d2000 rw-p 00000000 00:00 0 
7f979b6d2000-7f979b6d7000 r-xp 00000000 08:05 1844056                    /usr/lib/x86_64-linux-gnu/libXfixes.so.3.1.0
7f979b6d7000-7f979b8d6000 ---p 00005000 08:05 1844056                    /usr/lib/x86_64-linux-gnu/libXfixes.so.3.1.0
7f979b8d6000-7f979b8d7000 r--p 00004000 08:05 1844056                    /usr/lib/x86_64-linux-gnu/libXfixes.so.3.1.0
7f979b8d7000-7f979b8d8000 rw-p 00005000 08:05 1844056                    /usr/lib/x86_64-linux-gnu/libXfixes.so.3.1.0
7f979b8d8000-7f979b8e1000 r-xp 00000000 08:05 1844048                    /usr/lib/x86_64-linux-gnu/libXcursor.so.1.0.2
7f979b8e1000-7f979bae0000 ---p 00009000 08:05 1844048                    /usr/lib/x86_64-linux-gnu/libXcursor.so.1.0.2
7f979bae0000-7f979bae1000 r--p 00008000 08:05 1844048                    /usr/lib/x86_64-linux-gnu/libXcursor.so.1.0.2
7f979bae1000-7f979bae2000 rw-p 00009000 08:05 1844048                    /usr/lib/x86_64-linux-gnu/libXcursor.so.1.0.2
7f979bae2000-7f979bae5000 ---p 00000000 00:00 0 
7f979bae5000-7f979bbe3000 rw-p 00000000 00:00 0 
7f979bbe3000-7f979bbf8000 r-xp 00000000 08:05 2621775                    /lib/x86_64-linux-gnu/libbsd.so.0.9.1
7f979bbf8000-7f979bdf7000 ---p 00015000 08:05 2621775                    /lib/x86_64-linux-gnu/libbsd.so.0.9.1
7f979bdf7000-7f979bdf8000 r--p 00014000 08:05 2621775                    /lib/x86_64-linux-gnu/libbsd.so.0.9.1
7f979bdf8000-7f979bdf9000 rw-p 00015000 08:05 2621775                    /lib/x86_64-linux-gnu/libbsd.so.0.9.1
7f979bdf9000-7f979bdfa000 rw-p 00000000 00:00 0 
7f979bdfa000-7f979bdff000 r-xp 00000000 08:05 1844052                    /usr/lib/x86_64-linux-gnu/libXdmcp.so.6.0.0
7f979bdff000-7f979bffe000 ---p 00005000 08:05 1844052                    /usr/lib/x86_64-linux-gnu/libXdmcp.so.6.0.0
7f979bffe000-7f979bfff000 r--p 00004000 08:05 1844052                    /usr/lib/x86_64-linux-gnu/libXdmcp.so.6.0.0
7f979bfff000-7f979c000000 rw-p 00005000 08:05 1844052                    /usr/lib/x86_64-linux-gnu/libXdmcp.so.6.0.0
7f979c000000-7f979c021000 rw-p 00000000 00:00 0 
7f979c021000-7f97a0000000 ---p 00000000 00:00 0 
7f97a0000000-7f97a0021000 rw-p 00000000 00:00 0 
7f97a0021000-7f97a4000000 ---p 00000000 00:00 0 
7f97a4000000-7f97a6bbd000 rw-p 00000000 00:00 0 
7f97a6bbd000-7f97a8000000 ---p 00000000 00:00 0 
7f97a8000000-7f97a872a000 rw-p 00000000 00:00 0 
7f97a872a000-7f97ac000000 ---p 00000000 00:00 0 
7f97ac000000-7f97ac021000 rw-p 00000000 00:00 0 
7f97ac021000-7f97b0000000 ---p 00000000 00:00 0 
7f97b0000000-7f97b26d0000 rw-p 00000000 00:00 0 
7f97b26d0000-7f97b4000000 ---p 00000000 00:00 0 
7f97b4000000-7f97b4021000 rw-p 00000000 00:00 0 
7f97b4021000-7f97b8000000 ---p 00000000 00:00 0 
7f97b8000000-7f97b8021000 rw-p 00000000 00:00 0 
7f97b8021000-7f97bc000000 ---p 00000000 00:00 0 
7f97bc000000-7f97bc021000 rw-p 00000000 00:00 0 
7f97bc021000-7f97c0000000 ---p 00000000 00:00 0 
7f97c0000000-7f97c0061000 rw-p 00000000 00:00 0 
7f97c0061000-7f97c4000000 ---p 00000000 00:00 0 
7f97c4000000-7f97c4021000 rw-p 00000000 00:00 0 
7f97c4021000-7f97c8000000 ---p 00000000 00:00 0 
7f97c8006000-7f97c8012000 r--s 00000000 08:05 2887170                    /var/cache/fontconfig/c9b4c7d6-44e6-49a3-9ac3-b1b48dfc94a5-le64.cache-7
7f97c8012000-7f97c8018000 r--s 00000000 08:05 2903374                    /var/cache/fontconfig/09470351-8d9d-44be-bd57-ba06c9f7e25d-le64.cache-7
7f97c8018000-7f97c8023000 r--s 00000000 08:05 2903271                    /var/cache/fontconfig/2c742fd4-0a6e-4ea3-96cf-4fe82baaca39-le64.cache-7
7f97c8033000-7f97c8036000 ---p 00000000 00:00 0 
7f97c8036000-7f97c806c000 rw-p 00000000 00:00 0 
7f97c806c000-7f97c806e000 r--p 00000000 08:05 2621505                    /lib/x86_64-linux-gnu/libnss_myhostname.so.2
7f97c806e000-7f97c8077000 r-xp 00002000 08:05 2621505                    /lib/x86_64-linux-gnu/libnss_myhostname.so.2
7f97c8077000-7f97c807c000 r--p 0000b000 08:05 2621505                    /lib/x86_64-linux-gnu/libnss_myhostname.so.2
7f97c807c000-7f97c807f000 r--p 0000f000 08:05 2621505                    /lib/x86_64-linux-gnu/libnss_myhostname.so.2
7f97c807f000-7f97c8080000 rw-p 00012000 08:05 2621505                    /lib/x86_64-linux-gnu/libnss_myhostname.so.2
7f97c80a5000-7f97c80a7000 r-xp 00000000 08:05 1844041                    /usr/lib/x86_64-linux-gnu/libXau.so.6.0.0
7f97c80a7000-7f97c82a7000 ---p 00002000 08:05 1844041                    /usr/lib/x86_64-linux-gnu/libXau.so.6.0.0
7f97c82a7000-7f97c82a8000 r--p 00002000 08:05 1844041                    /usr/lib/x86_64-linux-gnu/libXau.so.6.0.0
7f97c82a8000-7f97c82a9000 rw-p 00003000 08:05 1844041                    /usr/lib/x86_64-linux-gnu/libXau.so.6.0.0
7f97c82a9000-7f97c82b8000 r-xp 00000000 08:05 1844062                    /usr/lib/x86_64-linux-gnu/libXi.so.6.1.0
7f97c82b8000-7f97c84b7000 ---p 0000f000 08:05 1844062                    /usr/lib/x86_64-linux-gnu/libXi.so.6.1.0
7f97c84b7000-7f97c84b8000 r--p 0000e000 08:05 1844062                    /usr/lib/x86_64-linux-gnu/libXi.so.6.1.0
7f97c84b8000-7f97c84b9000 rw-p 0000f000 08:05 1844062                    /usr/lib/x86_64-linux-gnu/libXi.so.6.1.0
7f97c84b9000-7f97c84be000 r-xp 00000000 08:05 1844080                    /usr/lib/x86_64-linux-gnu/libXtst.so.6.1.0
7f97c84be000-7f97c86bd000 ---p 00005000 08:05 1844080                    /usr/lib/x86_64-linux-gnu/libXtst.so.6.1.0
7f97c86bd000-7f97c86be000 r--p 00004000 08:05 1844080                    /usr/lib/x86_64-linux-gnu/libXtst.so.6.1.0
7f97c86be000-7f97c86bf000 rw-p 00005000 08:05 1844080                    /usr/lib/x86_64-linux-gnu/libXtst.so.6.1.0
7f97c86bf000-7f97c86c8000 r-xp 00000000 08:05 1844074                    /usr/lib/x86_64-linux-gnu/libXrender.so.1.3.0
7f97c86c8000-7f97c88c7000 ---p 00009000 08:05 1844074                    /usr/lib/x86_64-linux-gnu/libXrender.so.1.3.0
7f97c88c7000-7f97c88c8000 r--p 00008000 08:05 1844074                    /usr/lib/x86_64-linux-gnu/libXrender.so.1.3.0
7f97c88c8000-7f97c88c9000 rw-p 00009000 08:05 1844074                    /usr/lib/x86_64-linux-gnu/libXrender.so.1.3.0
7f97c88c9000-7f97c88da000 r-xp 00000000 08:05 1844054                    /usr/lib/x86_64-linux-gnu/libXext.so.6.4.0
7f97c88da000-7f97c8ad9000 ---p 00011000 08:05 1844054                    /usr/lib/x86_64-linux-gnu/libXext.so.6.4.0
7f97c8ad9000-7f97c8ada000 r--p 00010000 08:05 1844054                    /usr/lib/x86_64-linux-gnu/libXext.so.6.4.0
7f97c8ada000-7f97c8adb000 rw-p 00011000 08:05 1844054                    /usr/lib/x86_64-linux-gnu/libXext.so.6.4.0
7f97c8adb000-7f97c8b2c000 r-xp 00000000 08:05 1573039                    /opt/xdman/jre/lib/amd64/libawt_xawt.so
7f97c8b2c000-7f97c8d2c000 ---p 00051000 08:05 1573039                    /opt/xdman/jre/lib/amd64/libawt_xawt.so
7f97c8d2c000-7f97c8d2d000 r--p 00051000 08:05 1573039                    /opt/xdman/jre/lib/amd64/libawt_xawt.so
7f97c8d2d000-7f97c8d30000 rw-p 00052000 08:05 1573039                    /opt/xdman/jre/lib/amd64/libawt_xawt.so
7f97c8d30000-7f97c8d31000 rw-p 00000000 00:00 0 
7f97c8d31000-7f97c8dcf000 r-xp 00000000 08:05 1573034                    /opt/xdman/jre/lib/amd64/libawt.so
7f97c8dcf000-7f97c8fce000 ---p 0009e000 08:05 1573034                    /opt/xdman/jre/lib/amd64/libawt.so
7f97c8fce000-7f97c8fcf000 r--p 0009d000 08:05 1573034                    /opt/xdman/jre/lib/amd64/libawt.so
7f97c8fcf000-7f97c8fda000 rw-p 0009e000 08:05 1573034                    /opt/xdman/jre/lib/amd64/libawt.so
7f97c8fda000-7f97cc000000 rw-p 00000000 00:00 0 
7f97cc000000-7f97cc021000 rw-p 00000000 00:00 0 
7f97cc021000-7f97d0000000 ---p 00000000 00:00 0 
7f97d0001000-7f97d0002000 r--s 00000000 08:05 2903368                    /var/cache/fontconfig/8bd761dc-ea6f-4ab0-a06b-19c5bca522e1-le64.cache-7
7f97d0002000-7f97d0006000 r--s 00000000 08:05 2917654                    /var/cache/fontconfig/1a825fb0-be7f-4d0f-a168-f4a82e7ec134-le64.cache-7
7f97d0006000-7f97d001c000 r--s 00000000 08:05 2903366                    /var/cache/fontconfig/d567921b-3ad7-4e13-9bb0-1eab4d37d0d8-le64.cache-7
7f97d001c000-7f97d001d000 r--s 00000000 08:05 2903365                    /var/cache/fontconfig/0cf037f4-88e4-4219-91ce-4b1d70aee384-le64.cache-7
7f97d001d000-7f97d001e000 r--s 00000000 08:05 2903363                    /var/cache/fontconfig/72682d00-6c9b-4d81-a871-fbff070eee5e-le64.cache-7
7f97d001e000-7f97d0020000 r--s 00000000 08:05 2903362                    /var/cache/fontconfig/be461835-0b84-4aaa-8ff9-47d14ec724d4-le64.cache-7
7f97d0020000-7f97d0021000 r--s 00000000 08:05 2903359                    /var/cache/fontconfig/394a6a63-dcc0-4adc-b8f9-8eb7f0116aa1-le64.cache-7
7f97d0021000-7f97d0023000 r--s 00000000 08:05 2903356                    /var/cache/fontconfig/d2c6fac8-cba5-4c7e-bba0-92472398c4fc-le64.cache-7
7f97d0023000-7f97d0028000 r--s 00000000 08:05 2903341                    /var/cache/fontconfig/112d35c6-9df2-4063-b07a-c2dc88a73e82-le64.cache-7
7f97d0028000-7f97d0040000 r--p 00000000 08:05 1853651                    /usr/lib/x86_64-linux-gnu/libX11.so.6.3.0
7f97d0040000-7f97d00c8000 r-xp 00018000 08:05 1853651                    /usr/lib/x86_64-linux-gnu/libX11.so.6.3.0
7f97d00c8000-7f97d015c000 r--p 000a0000 08:05 1853651                    /usr/lib/x86_64-linux-gnu/libX11.so.6.3.0
7f97d015c000-7f97d015d000 ---p 00134000 08:05 1853651                    /usr/lib/x86_64-linux-gnu/libX11.so.6.3.0
7f97d015d000-7f97d015e000 r--p 00134000 08:05 1853651                    /usr/lib/x86_64-linux-gnu/libX11.so.6.3.0
7f97d015e000-7f97d0162000 rw-p 00135000 08:05 1853651                    /usr/lib/x86_64-linux-gnu/libX11.so.6.3.0
7f97d0162000-7f97d0178000 r-xp 00000000 08:05 1573041                    /opt/xdman/jre/lib/amd64/libnet.so
7f97d0178000-7f97d0377000 ---p 00016000 08:05 1573041                    /opt/xdman/jre/lib/amd64/libnet.so
7f97d0377000-7f97d0378000 r--p 00015000 08:05 1573041                    /opt/xdman/jre/lib/amd64/libnet.so
7f97d0378000-7f97d0379000 rw-p 00016000 08:05 1573041                    /opt/xdman/jre/lib/amd64/libnet.so
7f97d0379000-7f97d037c000 ---p 00000000 00:00 0 
7f97d037c000-7f97d047a000 rw-p 00000000 00:00 0 
7f97d047a000-7f97d047b000 ---p 00000000 00:00 0 
7f97d047b000-7f97d057b000 rw-p 00000000 00:00 0 
7f97d057b000-7f97d057e000 ---p 00000000 00:00 0 
7f97d057e000-7f97d067c000 rw-p 00000000 00:00 0 
7f97d067c000-7f97d067d000 ---p 00000000 00:00 0 
7f97d067d000-7f97d0680000 ---p 00000000 00:00 0 
7f97d0680000-7f97d077d000 rw-p 00000000 00:00 0 
7f97d077d000-7f97d077e000 ---p 00000000 00:00 0 
7f97d077e000-7f97d0781000 ---p 00000000 00:00 0 
7f97d0781000-7f97d087e000 rw-p 00000000 00:00 0 
7f97d087e000-7f97d087f000 ---p 00000000 00:00 0 
7f97d087f000-7f97d0882000 ---p 00000000 00:00 0 
7f97d0882000-7f97d097f000 rw-p 00000000 00:00 0 
7f97d097f000-7f97d0982000 ---p 00000000 00:00 0 
7f97d0982000-7f97d0a80000 rw-p 00000000 00:00 0 
7f97d0a80000-7f97d0ff0000 r--p 00000000 08:05 1835139                    /usr/lib/locale/locale-archive
7f97d0ff0000-7f97d0ff3000 ---p 00000000 00:00 0 
7f97d0ff3000-7f97d10f1000 rw-p 00000000 00:00 0 
7f97d10f1000-7f97d10f4000 ---p 00000000 00:00 0 
7f97d10f4000-7f97d11f2000 rw-p 00000000 00:00 0 
7f97d11f2000-7f97d11f3000 ---p 00000000 00:00 0 
7f97d11f3000-7f97d4000000 rw-p 00000000 00:00 0 
7f97d4000000-7f97d4021000 rw-p 00000000 00:00 0 
7f97d4021000-7f97d8000000 ---p 00000000 00:00 0 
7f97d8000000-7f97d8001000 r--s 00000000 08:05 2903358                    /var/cache/fontconfig/a8587931-b9fb-4139-8bec-88089637f981-le64.cache-7
7f97d8001000-7f97d8002000 r--s 00000000 08:05 2903352                    /var/cache/fontconfig/bf0881b4-0a29-49c3-82fd-5c7b1d2e4382-le64.cache-7
7f97d8002000-7f97d8004000 r--s 00000000 08:05 2903342                    /var/cache/fontconfig/ea7aedcd-73db-44fc-b144-31d07c87de31-le64.cache-7
7f97d8004000-7f97d8008000 r--s 00000000 08:05 2917651                    /var/cache/fontconfig/85a98a6b-87eb-41a5-b1c2-1e0d183c7f24-le64.cache-7
7f97d8008000-7f97d8009000 r--s 00000000 08:05 2903338                    /var/cache/fontconfig/ee57edc6-815c-4a02-993f-63271161e4ef-le64.cache-7
7f97d8009000-7f97d800a000 r--s 00000000 08:05 2903337                    /var/cache/fontconfig/0cf0a715-b9f5-4fa9-a9d1-5e2a22feff13-le64.cache-7
7f97d800a000-7f97d800b000 r--s 00000000 08:05 2903336                    /var/cache/fontconfig/975fb905-6e43-43fc-b098-6abbf79b613f-le64.cache-7
7f97d800b000-7f97d800c000 r--s 00000000 08:05 2903332                    /var/cache/fontconfig/a044563f-5b77-41c0-9487-34abdaa8b1e4-le64.cache-7
7f97d800c000-7f97d800d000 r--s 00000000 08:05 2903331                    /var/cache/fontconfig/128712bd-ccd8-4c37-a2a7-b309e2a7233c-le64.cache-7
7f97d800d000-7f97d800e000 r--s 00000000 08:05 2903329                    /var/cache/fontconfig/20c015e4-bd28-4d7b-bf6f-634e18567905-le64.cache-7
7f97d800e000-7f97d800f000 r--s 00000000 08:05 2903328                    /var/cache/fontconfig/a83aefaf-b125-4a27-982f-8fc6185421d8-le64.cache-7
7f97d800f000-7f97d8010000 r--s 00000000 08:05 2903327                    /var/cache/fontconfig/e41b90a8-b882-44e8-adca-34ac6641b1f4-le64.cache-7
7f97d8010000-7f97d8011000 r--s 00000000 08:05 2903325                    /var/cache/fontconfig/baf9bb78-b886-4261-af9e-5ee692333d23-le64.cache-7
7f97d8011000-7f97d8012000 r--s 00000000 08:05 2903323                    /var/cache/fontconfig/79c9b64f-ccd7-48fc-90ad-c39133a1d6e9-le64.cache-7
7f97d8012000-7f97d8013000 r--s 00000000 08:05 2903321                    /var/cache/fontconfig/f5bba3ab-a2cc-4a85-82d6-27e5101f7e3c-le64.cache-7
7f97d8013000-7f97d8018000 r--s 00000000 08:05 2903317                    /var/cache/fontconfig/a4cd3f39-84e8-4000-a3de-cc2cbb7040a1-le64.cache-7
7f97d8018000-7f97d801f000 r--s 00000000 08:05 2903316                    /var/cache/fontconfig/b34fef00-4490-4b82-a7b4-8cf74441d44e-le64.cache-7
7f97d801f000-7f97d8020000 r--s 00000000 08:05 2903315                    /var/cache/fontconfig/0d0f8053-c596-451f-abd4-5d2b33a8031c-le64.cache-7
7f97d8020000-7f97d8021000 r--s 00000000 08:05 2903314                    /var/cache/fontconfig/9f4bf1f7-95a5-436e-9bd8-9d291296e6c6-le64.cache-7
7f97d8021000-7f97d8027000 r--s 00000000 08:05 2903313                    /var/cache/fontconfig/380f13f5-ec5d-45f5-a6da-4670c7cc7582-le64.cache-7
7f97d8027000-7f97d802f000 r--s 00000000 08:05 2903311                    /var/cache/fontconfig/fd7cf17c-982e-4919-930a-edef669a3d4e-le64.cache-7
7f97d802f000-7f97d8030000 r--s 00000000 08:05 2903307                    /var/cache/fontconfig/cfa68770-5edb-4fd7-8df6-e97d23473509-le64.cache-7
7f97d8030000-7f97d8031000 r--s 00000000 08:05 2903306                    /var/cache/fontconfig/66cbb98d-42f3-4b65-880c-3d3fd7819b87-le64.cache-7
7f97d8031000-7f97d8032000 r--s 00000000 08:05 2903305                    /var/cache/fontconfig/8329c405-97e2-42a3-badb-e1f1716dc336-le64.cache-7
7f97d8032000-7f97d8034000 r--s 00000000 08:05 2903302                    /var/cache/fontconfig/4a36a2b5-8710-4dd4-bf87-a0be29bd9058-le64.cache-7
7f97d8034000-7f97d8036000 r--s 00000000 08:05 2903299                    /var/cache/fontconfig/2cc20a52-8f45-4472-ba24-1e7b3ea3f385-le64.cache-7
7f97d8036000-7f97d8039000 r--s 00000000 08:05 2903295                    /var/cache/fontconfig/2f4ec060-dccb-48ff-a821-48ec4e16c776-le64.cache-7
7f97d8039000-7f97d803d000 r--p 00000000 08:05 2621740                    /lib/x86_64-linux-gnu/libresolv-2.28.so
7f97d803d000-7f97d804c000 r-xp 00004000 08:05 2621740                    /lib/x86_64-linux-gnu/libresolv-2.28.so
7f97d804c000-7f97d8050000 r--p 00013000 08:05 2621740                    /lib/x86_64-linux-gnu/libresolv-2.28.so
7f97d8050000-7f97d8051000 r--p 00016000 08:05 2621740                    /lib/x86_64-linux-gnu/libresolv-2.28.so
7f97d8051000-7f97d8052000 rw-p 00017000 08:05 2621740                    /lib/x86_64-linux-gnu/libresolv-2.28.so
7f97d8052000-7f97d8054000 rw-p 00000000 00:00 0 
7f97d8054000-7f97d8057000 r--p 00000000 08:05 2622829                    /lib/x86_64-linux-gnu/libgcc_s.so.1
7f97d8057000-7f97d8068000 r-xp 00003000 08:05 2622829                    /lib/x86_64-linux-gnu/libgcc_s.so.1
7f97d8068000-7f97d806b000 r--p 00014000 08:05 2622829                    /lib/x86_64-linux-gnu/libgcc_s.so.1
7f97d806b000-7f97d806c000 ---p 00017000 08:05 2622829                    /lib/x86_64-linux-gnu/libgcc_s.so.1
7f97d806c000-7f97d806d000 r--p 00017000 08:05 2622829                    /lib/x86_64-linux-gnu/libgcc_s.so.1
7f97d806d000-7f97d806e000 rw-p 00018000 08:05 2622829                    /lib/x86_64-linux-gnu/libgcc_s.so.1
7f97d806e000-7f97d806f000 r--s 00000000 08:05 2903303                    /var/cache/fontconfig/ac3bf065-1a3a-485a-ba1f-19c8df2252e8-le64.cache-7
7f97d806f000-7f97d8070000 r--s 00000000 08:05 2903291                    /var/cache/fontconfig/4e3dc77a-4b95-4794-8a07-5200fa62c6de-le64.cache-7
7f97d8070000-7f97d807c000 r--s 00000000 08:05 2903290                    /var/cache/fontconfig/a1ba8001-7cd5-4420-8735-3093ae642fdd-le64.cache-7
7f97d807c000-7f97d807d000 r--s 00000000 08:05 2903288                    /var/cache/fontconfig/f795544a-c065-452d-a5df-6dd5c32ffe66-le64.cache-7
7f97d807d000-7f97d807e000 r--s 00000000 08:05 2903286                    /var/cache/fontconfig/9b172a99-2c95-40cb-91f9-49f20a8f248f-le64.cache-7
7f97d807e000-7f97d807f000 r--s 00000000 08:05 2903285                    /var/cache/fontconfig/72d59f28-fad1-4891-ae5e-8756da57e94c-le64.cache-7
7f97d807f000-7f97d8080000 r--s 00000000 08:05 2903278                    /var/cache/fontconfig/bd3d395d-9bb6-40f0-ba6b-1ab4eccda6de-le64.cache-7
7f97d8080000-7f97d8081000 r--s 00000000 08:05 2903275                    /var/cache/fontconfig/aed826c9-8bc9-4258-bb52-b859bcf3a8fb-le64.cache-7
7f97d8081000-7f97d8082000 r--s 00000000 08:05 2903274                    /var/cache/fontconfig/62c3d11f-bb51-47e5-b582-51b753a95efd-le64.cache-7
7f97d8082000-7f97d8091000 r--s 00000000 08:05 2903270                    /var/cache/fontconfig/f45e8a9d-fba4-485f-a729-c6175aa754f6-le64.cache-7
7f97d8091000-7f97d8093000 r--s 00000000 08:05 2887156                    /var/cache/fontconfig/77d3eb57-d805-4163-a21e-f543b44be4f2-le64.cache-7
7f97d8093000-7f97d809e000 r--p 00000000 08:05 1836111                    /usr/lib/x86_64-linux-gnu/libxcb.so.1.1.0
7f97d809e000-7f97d80b1000 r-xp 0000b000 08:05 1836111                    /usr/lib/x86_64-linux-gnu/libxcb.so.1.1.0
7f97d80b1000-7f97d80ba000 r--p 0001e000 08:05 1836111                    /usr/lib/x86_64-linux-gnu/libxcb.so.1.1.0
7f97d80ba000-7f97d80bb000 r--p 00026000 08:05 1836111                    /usr/lib/x86_64-linux-gnu/libxcb.so.1.1.0
7f97d80bb000-7f97d80bc000 rw-p 00027000 08:05 1836111                    /usr/lib/x86_64-linux-gnu/libxcb.so.1.1.0
7f97d80bc000-7f97d80bd000 r--s 00000000 08:05 2887163                    /var/cache/fontconfig/12fb2e79-2dc7-42d1-bd56-4ccdf8fa975a-le64.cache-7
7f97d80c2000-7f97d80c6000 rw-s 00000000 00:05 7766039                    /SYSV00000000 (deleted)
7f97d80c6000-7f97d80c7000 r--p 00000000 08:05 2621726                    /lib/x86_64-linux-gnu/libnss_dns-2.28.so
7f97d80c7000-7f97d80cb000 r-xp 00001000 08:05 2621726                    /lib/x86_64-linux-gnu/libnss_dns-2.28.so
7f97d80cb000-7f97d80cc000 r--p 00005000 08:05 2621726                    /lib/x86_64-linux-gnu/libnss_dns-2.28.so
7f97d80cc000-7f97d80cd000 r--p 00005000 08:05 2621726                    /lib/x86_64-linux-gnu/libnss_dns-2.28.so
7f97d80cd000-7f97d80ce000 rw-p 00006000 08:05 2621726                    /lib/x86_64-linux-gnu/libnss_dns-2.28.so
7f97d80ce000-7f97d80e1000 r--s 00346000 08:05 1572999                    /opt/xdman/jre/lib/resources.jar
7f97d80e1000-7f97d8331000 rw-p 00000000 00:00 0 
7f97d8331000-7f97d84ff000 r--s 03bce000 08:05 1573093                    /opt/xdman/jre/lib/rt.jar
7f97d84ff000-7f97d8eff000 rw-p 00000000 00:00 0 
7f97d8eff000-7f97d8f00000 ---p 00000000 00:00 0 
7f97d8f00000-7f97d9000000 rw-p 00000000 00:00 0 
7f97d9000000-7f97d9b30000 rwxp 00000000 00:00 0 
7f97d9b30000-7f97e8000000 ---p 00000000 00:00 0 
7f97e8000000-7f97e8218000 rw-p 00000000 00:00 0 
7f97e8218000-7f97ec000000 ---p 00000000 00:00 0 
7f97ec000000-7f97ec003000 r--s 00000000 08:05 2886293                    /var/cache/fontconfig/49c77610-8fbd-4cd3-8858-9fb0dd640e6f-le64.cache-7
7f97ec003000-7f97ec004000 r--s 00000000 08:05 2493123                    /home/ybpcrest/.cache/fontconfig/f1553055-d207-45e8-94d6-6e89dd607791-le64.cache-7
7f97ec004000-7f97ec016000 r--s 00159000 08:05 1573089                    /opt/xdman/xdman.jar
7f97ec016000-7f97ec0e7000 rw-p 00000000 00:00 0 
7f97ec0e7000-7f97ec0e8000 ---p 00000000 00:00 0 
7f97ec0e8000-7f97ec1e8000 rw-p 00000000 00:00 0 
7f97ec1e8000-7f97ec1e9000 ---p 00000000 00:00 0 
7f97ec1e9000-7f97ec2e9000 rw-p 00000000 00:00 0 
7f97ec2e9000-7f97ec2ea000 ---p 00000000 00:00 0 
7f97ec2ea000-7f97ec407000 rw-p 00000000 00:00 0 
7f97ec407000-7f97ec540000 ---p 00000000 00:00 0 
7f97ec540000-7f97ec55d000 rw-p 00000000 00:00 0 
7f97ec55d000-7f97ec695000 ---p 00000000 00:00 0 
7f97ec695000-7f97ec6a0000 rw-p 00000000 00:00 0 
7f97ec6a0000-7f97ec740000 ---p 00000000 00:00 0 
7f97ec740000-7f97ec76e000 rw-p 00000000 00:00 0 
7f97ec76e000-7f97ecb01000 ---p 00000000 00:00 0 
7f97ecb01000-7f97ecb09000 r-xp 00000000 08:05 1573038                    /opt/xdman/jre/lib/amd64/libzip.so
7f97ecb09000-7f97ecd08000 ---p 00008000 08:05 1573038                    /opt/xdman/jre/lib/amd64/libzip.so
7f97ecd08000-7f97ecd09000 r--p 00007000 08:05 1573038                    /opt/xdman/jre/lib/amd64/libzip.so
7f97ecd09000-7f97ecd0a000 rw-p 00008000 08:05 1573038                    /opt/xdman/jre/lib/amd64/libzip.so
7f97ecd0a000-7f97ecd0d000 r--p 00000000 08:05 2621728                    /lib/x86_64-linux-gnu/libnss_files-2.28.so
7f97ecd0d000-7f97ecd14000 r-xp 00003000 08:05 2621728                    /lib/x86_64-linux-gnu/libnss_files-2.28.so
7f97ecd14000-7f97ecd17000 r--p 0000a000 08:05 2621728                    /lib/x86_64-linux-gnu/libnss_files-2.28.so
7f97ecd17000-7f97ecd18000 r--p 0000c000 08:05 2621728                    /lib/x86_64-linux-gnu/libnss_files-2.28.so
7f97ecd18000-7f97ecd19000 rw-p 0000d000 08:05 2621728                    /lib/x86_64-linux-gnu/libnss_files-2.28.so
7f97ecd19000-7f97ecd1f000 rw-p 00000000 00:00 0 
7f97ecd1f000-7f97ecd23000 r--p 00000000 08:05 2621722                    /lib/x86_64-linux-gnu/libnsl-2.28.so
7f97ecd23000-7f97ecd31000 r-xp 00004000 08:05 2621722                    /lib/x86_64-linux-gnu/libnsl-2.28.so
7f97ecd31000-7f97ecd36000 r--p 00012000 08:05 2621722                    /lib/x86_64-linux-gnu/libnsl-2.28.so
7f97ecd36000-7f97ecd37000 r--p 00016000 08:05 2621722                    /lib/x86_64-linux-gnu/libnsl-2.28.so
7f97ecd37000-7f97ecd38000 rw-p 00017000 08:05 2621722                    /lib/x86_64-linux-gnu/libnsl-2.28.so
7f97ecd38000-7f97ecd3a000 rw-p 00000000 00:00 0 
7f97ecd3a000-7f97ecd3f000 r--s 0003b000 08:05 1573078                    /opt/xdman/jre/lib/ext/sunjce_provider.jar
7f97ecd3f000-7f97ecd43000 r--s 00037000 08:05 1573073                    /opt/xdman/jre/lib/ext/sunpkcs11.jar
7f97ecd43000-7f97ecd46000 r--s 00015000 08:05 1573071                    /opt/xdman/jre/lib/jce.jar
7f97ecd46000-7f97ecd4b000 r--s 0009a000 08:05 1572987                    /opt/xdman/jre/lib/jsse.jar
7f97ecd4b000-7f97ecd5f000 rw-p 00000000 00:00 0 
7f97ecd5f000-7f97ecd8b000 r-xp 00000000 08:05 1573043                    /opt/xdman/jre/lib/amd64/libjava.so
7f97ecd8b000-7f97ecf8a000 ---p 0002c000 08:05 1573043                    /opt/xdman/jre/lib/amd64/libjava.so
7f97ecf8a000-7f97ecf8b000 r--p 0002b000 08:05 1573043                    /opt/xdman/jre/lib/amd64/libjava.so
7f97ecf8b000-7f97ecf8d000 rw-p 0002c000 08:05 1573043                    /opt/xdman/jre/lib/amd64/libjava.so
7f97ecf8d000-7f97ecf9a000 r-xp 00000000 08:05 1573037                    /opt/xdman/jre/lib/amd64/libverify.so
7f97ecf9a000-7f97ed199000 ---p 0000d000 08:05 1573037                    /opt/xdman/jre/lib/amd64/libverify.so
7f97ed199000-7f97ed19b000 r--p 0000c000 08:05 1573037                    /opt/xdman/jre/lib/amd64/libverify.so
7f97ed19b000-7f97ed19c000 rw-p 0000e000 08:05 1573037                    /opt/xdman/jre/lib/amd64/libverify.so
7f97ed19c000-7f97ed19e000 r--p 00000000 08:05 2621742                    /lib/x86_64-linux-gnu/librt-2.28.so
7f97ed19e000-7f97ed1a2000 r-xp 00002000 08:05 2621742                    /lib/x86_64-linux-gnu/librt-2.28.so
7f97ed1a2000-7f97ed1a4000 r--p 00006000 08:05 2621742                    /lib/x86_64-linux-gnu/librt-2.28.so
7f97ed1a4000-7f97ed1a5000 r--p 00007000 08:05 2621742                    /lib/x86_64-linux-gnu/librt-2.28.so
7f97ed1a5000-7f97ed1a6000 rw-p 00008000 08:05 2621742                    /lib/x86_64-linux-gnu/librt-2.28.so
7f97ed1a6000-7f97ed1a7000 ---p 00000000 00:00 0 
7f97ed1a7000-7f97ed1aa000 ---p 00000000 00:00 0 
7f97ed1aa000-7f97ed2a7000 rw-p 00000000 00:00 0 
7f97ed2a7000-7f97ed2b4000 r--p 00000000 08:05 2621716                    /lib/x86_64-linux-gnu/libm-2.28.so
7f97ed2b4000-7f97ed35f000 r-xp 0000d000 08:05 2621716                    /lib/x86_64-linux-gnu/libm-2.28.so
7f97ed35f000-7f97ed432000 r--p 000b8000 08:05 2621716                    /lib/x86_64-linux-gnu/libm-2.28.so
7f97ed432000-7f97ed433000 r--p 0018a000 08:05 2621716                    /lib/x86_64-linux-gnu/libm-2.28.so
7f97ed433000-7f97ed434000 rw-p 0018b000 08:05 2621716                    /lib/x86_64-linux-gnu/libm-2.28.so
7f97ed434000-7f97ee09e000 r-xp 00000000 08:05 1573061                    /opt/xdman/jre/lib/amd64/server/libjvm.so
7f97ee09e000-7f97ee29e000 ---p 00c6a000 08:05 1573061                    /opt/xdman/jre/lib/amd64/server/libjvm.so
7f97ee29e000-7f97ee332000 r--p 00c6a000 08:05 1573061                    /opt/xdman/jre/lib/amd64/server/libjvm.so
7f97ee332000-7f97ee35a000 rw-p 00cfe000 08:05 1573061                    /opt/xdman/jre/lib/amd64/server/libjvm.so
7f97ee35a000-7f97ee38d000 rw-p 00000000 00:00 0 
7f97ee38d000-7f97ee3af000 r--p 00000000 08:05 2621710                    /lib/x86_64-linux-gnu/libc-2.28.so
7f97ee3af000-7f97ee520000 r-xp 00022000 08:05 2621710                    /lib/x86_64-linux-gnu/libc-2.28.so
7f97ee520000-7f97ee56c000 r--p 00193000 08:05 2621710                    /lib/x86_64-linux-gnu/libc-2.28.so
7f97ee56c000-7f97ee56d000 ---p 001df000 08:05 2621710                    /lib/x86_64-linux-gnu/libc-2.28.so
7f97ee56d000-7f97ee571000 r--p 001df000 08:05 2621710                    /lib/x86_64-linux-gnu/libc-2.28.so
7f97ee571000-7f97ee573000 rw-p 001e3000 08:05 2621710                    /lib/x86_64-linux-gnu/libc-2.28.so
7f97ee573000-7f97ee577000 rw-p 00000000 00:00 0 
7f97ee577000-7f97ee578000 r--p 00000000 08:05 2621714                    /lib/x86_64-linux-gnu/libdl-2.28.so
7f97ee578000-7f97ee57a000 r-xp 00001000 08:05 2621714                    /lib/x86_64-linux-gnu/libdl-2.28.so
7f97ee57a000-7f97ee57b000 r--p 00003000 08:05 2621714                    /lib/x86_64-linux-gnu/libdl-2.28.so
7f97ee57b000-7f97ee57c000 r--p 00003000 08:05 2621714                    /lib/x86_64-linux-gnu/libdl-2.28.so
7f97ee57c000-7f97ee57d000 rw-p 00004000 08:05 2621714                    /lib/x86_64-linux-gnu/libdl-2.28.so
7f97ee57d000-7f97ee58a000 r-xp 00000000 08:05 1573052                    /opt/xdman/jre/lib/amd64/jli/libjli.so
7f97ee58a000-7f97ee789000 ---p 0000d000 08:05 1573052                    /opt/xdman/jre/lib/amd64/jli/libjli.so
7f97ee789000-7f97ee78a000 r--p 0000c000 08:05 1573052                    /opt/xdman/jre/lib/amd64/jli/libjli.so
7f97ee78a000-7f97ee78b000 rw-p 0000d000 08:05 1573052                    /opt/xdman/jre/lib/amd64/jli/libjli.so
7f97ee78b000-7f97ee7a7000 r-xp 00000000 08:05 2626747                    /lib/x86_64-linux-gnu/libz.so.1.2.11
7f97ee7a7000-7f97ee9a6000 ---p 0001c000 08:05 2626747                    /lib/x86_64-linux-gnu/libz.so.1.2.11
7f97ee9a6000-7f97ee9a7000 r--p 0001b000 08:05 2626747                    /lib/x86_64-linux-gnu/libz.so.1.2.11
7f97ee9a7000-7f97ee9a8000 rw-p 0001c000 08:05 2626747                    /lib/x86_64-linux-gnu/libz.so.1.2.11
7f97ee9a8000-7f97ee9ae000 r--p 00000000 08:05 2621738                    /lib/x86_64-linux-gnu/libpthread-2.28.so
7f97ee9ae000-7f97ee9bd000 r-xp 00006000 08:05 2621738                    /lib/x86_64-linux-gnu/libpthread-2.28.so
7f97ee9bd000-7f97ee9c3000 r--p 00015000 08:05 2621738                    /lib/x86_64-linux-gnu/libpthread-2.28.so
7f97ee9c3000-7f97ee9c4000 r--p 0001a000 08:05 2621738                    /lib/x86_64-linux-gnu/libpthread-2.28.so
7f97ee9c4000-7f97ee9c5000 rw-p 0001b000 08:05 2621738                    /lib/x86_64-linux-gnu/libpthread-2.28.so
7f97ee9c5000-7f97ee9cb000 rw-p 00000000 00:00 0 
7f97ee9cb000-7f97ee9cd000 r--s 00008000 08:05 1573076                    /opt/xdman/jre/lib/ext/sunec.jar
7f97ee9cd000-7f97ee9d5000 rw-s 00000000 08:05 394365                     /tmp/hsperfdata_ybpcrest/4014
7f97ee9d5000-7f97ee9d7000 r--p 00000000 08:05 2621732                    /lib/x86_64-linux-gnu/libnss_nis-2.28.so
7f97ee9d7000-7f97ee9df000 r-xp 00002000 08:05 2621732                    /lib/x86_64-linux-gnu/libnss_nis-2.28.so
7f97ee9df000-7f97ee9e1000 r--p 0000a000 08:05 2621732                    /lib/x86_64-linux-gnu/libnss_nis-2.28.so
7f97ee9e1000-7f97ee9e2000 r--p 0000b000 08:05 2621732                    /lib/x86_64-linux-gnu/libnss_nis-2.28.so
7f97ee9e2000-7f97ee9e3000 rw-p 0000c000 08:05 2621732                    /lib/x86_64-linux-gnu/libnss_nis-2.28.so
7f97ee9e3000-7f97ee9e5000 r--p 00000000 08:05 2621724                    /lib/x86_64-linux-gnu/libnss_compat-2.28.so
7f97ee9e5000-7f97ee9eb000 r-xp 00002000 08:05 2621724                    /lib/x86_64-linux-gnu/libnss_compat-2.28.so
7f97ee9eb000-7f97ee9ec000 r--p 00008000 08:05 2621724                    /lib/x86_64-linux-gnu/libnss_compat-2.28.so
7f97ee9ec000-7f97ee9ed000 r--p 00008000 08:05 2621724                    /lib/x86_64-linux-gnu/libnss_compat-2.28.so
7f97ee9ed000-7f97ee9ee000 rw-p 00009000 08:05 2621724                    /lib/x86_64-linux-gnu/libnss_compat-2.28.so
7f97ee9ee000-7f97ee9ef000 rw-p 00000000 00:00 0 
7f97ee9ef000-7f97ee9f0000 r--p 00000000 00:00 0 
7f97ee9f0000-7f97ee9f1000 r--p 00000000 08:05 2621702                    /lib/x86_64-linux-gnu/ld-2.28.so
7f97ee9f1000-7f97eea11000 r-xp 00001000 08:05 2621702                    /lib/x86_64-linux-gnu/ld-2.28.so
7f97eea11000-7f97eea19000 r--p 00021000 08:05 2621702                    /lib/x86_64-linux-gnu/ld-2.28.so
7f97eea19000-7f97eea1a000 r--p 00028000 08:05 2621702                    /lib/x86_64-linux-gnu/ld-2.28.so
7f97eea1a000-7f97eea1b000 rw-p 00029000 08:05 2621702                    /lib/x86_64-linux-gnu/ld-2.28.so
7f97eea1b000-7f97eea1c000 rw-p 00000000 00:00 0 
7ffe6b884000-7ffe6b8a5000 rw-p 00000000 00:00 0                          [stack]
7ffe6b971000-7ffe6b974000 r--p 00000000 00:00 0                          [vvar]
7ffe6b974000-7ffe6b976000 r-xp 00000000 00:00 0                          [vdso]
ffffffffff600000-ffffffffff601000 r-xp 00000000 00:00 0                  [vsyscall]

VM Arguments:
jvm_args: -Xmx1024m 
java_command: /opt/xdman/xdman.jar -m
java_class_path (initial): /opt/xdman/xdman.jar
Launcher Type: SUN_STANDARD

Environment Variables:
PATH=/usr/local/sbin:/usr/local/bin:/usr/sbin:/usr/bin:/sbin:/bin:/usr/games:/usr/local/games:/snap/bin
USERNAME=ybpcrest
SHELL=/bin/bash
DISPLAY=:0

Signal Handlers:
SIGSEGV: [libjvm.so+0xa6c220], sa_mask[0]=11111111011111111101111111111110, sa_flags=SA_RESTART|SA_SIGINFO
SIGBUS: [libjvm.so+0xa6c220], sa_mask[0]=11111111011111111101111111111110, sa_flags=SA_RESTART|SA_SIGINFO
SIGFPE: [libjvm.so+0x8ad240], sa_mask[0]=11111111011111111101111111111110, sa_flags=SA_RESTART|SA_SIGINFO
SIGPIPE: [libjvm.so+0x8ad240], sa_mask[0]=11111111011111111101111111111110, sa_flags=SA_RESTART|SA_SIGINFO
SIGXFSZ: [libjvm.so+0x8ad240], sa_mask[0]=11111111011111111101111111111110, sa_flags=SA_RESTART|SA_SIGINFO
SIGILL: [libjvm.so+0x8ad240], sa_mask[0]=11111111011111111101111111111110, sa_flags=SA_RESTART|SA_SIGINFO
SIGUSR1: SIG_DFL, sa_mask[0]=00000000000000000000000000000000, sa_flags=none
SIGUSR2: [libjvm.so+0x8ad110], sa_mask[0]=00000000000000000000000000000000, sa_flags=SA_RESTART|SA_SIGINFO
SIGHUP: [libjvm.so+0x8ad570], sa_mask[0]=11111111011111111101111111111110, sa_flags=SA_RESTART|SA_SIGINFO
SIGINT: [libjvm.so+0x8ad570], sa_mask[0]=11111111011111111101111111111110, sa_flags=SA_RESTART|SA_SIGINFO
SIGTERM: [libjvm.so+0x8ad570], sa_mask[0]=11111111011111111101111111111110, sa_flags=SA_RESTART|SA_SIGINFO
SIGQUIT: [libjvm.so+0x8ad570], sa_mask[0]=11111111011111111101111111111110, sa_flags=SA_RESTART|SA_SIGINFO


---------------  S Y S T E M  ---------------

OS:DISTRIB_ID=Ubuntu
DISTRIB_RELEASE=18.10
DISTRIB_CODENAME=cosmic
DISTRIB_DESCRIPTION="Ubuntu 18.10"

uname:Linux 4.18.0-12-generic #13-Ubuntu SMP Wed Nov 14 15:17:05 UTC 2018 x86_64
libc:glibc 2.28 NPTL 2.28 
rlimit: STACK 8192k, CORE 0k, NPROC 21444, NOFILE 1048576, AS infinity
load average:19,57 8,01 5,91

/proc/meminfo:
MemTotal:        5536924 kB
MemFree:         2738416 kB
MemAvailable:    3772500 kB
Buffers:           86792 kB
Cached:          1112208 kB
SwapCached:        10740 kB
Active:          1477456 kB
Inactive:         830808 kB
Active(anon):     997052 kB
Inactive(anon):   134156 kB
Active(file):     480404 kB
Inactive(file):   696652 kB
Unevictable:        1616 kB
Mlocked:            1616 kB
SwapTotal:      10598396 kB
SwapFree:       10496788 kB
Dirty:              2436 kB
Writeback:          2448 kB
AnonPages:       1103016 kB
Mapped:           233556 kB
Shmem:             21908 kB
Slab:             339296 kB
SReclaimable:     135884 kB
SUnreclaim:       203412 kB
KernelStack:       11016 kB
PageTables:        31828 kB
NFS_Unstable:          0 kB
Bounce:                0 kB
WritebackTmp:          0 kB
CommitLimit:    13366856 kB
Committed_AS:    7310604 kB
VmallocTotal:   34359738367 kB
VmallocUsed:           0 kB
VmallocChunk:          0 kB
HardwareCorrupted:     0 kB
AnonHugePages:         0 kB
ShmemHugePages:        0 kB
ShmemPmdMapped:        0 kB
CmaTotal:              0 kB
CmaFree:               0 kB
HugePages_Total:       0
HugePages_Free:        0
HugePages_Rsvd:        0
HugePages_Surp:        0
Hugepagesize:       2048 kB
Hugetlb:               0 kB
DirectMap4k:      610588 kB
DirectMap2M:     5105664 kB


CPU:total 4 (initial active 4) (2 cores per cpu, 2 threads per core) family 6 model 58 stepping 9, cmov, cx8, fxsr, mmx, sse, sse2, sse3, ssse3, sse4.1, sse4.2, popcnt, avx, clmul, erms, ht, tsc, tscinvbit, tscinv

/proc/cpuinfo:
processor	: 0
vendor_id	: GenuineIntel
cpu family	: 6
model		: 58
model name	: Intel(R) Core(TM) i3-3217U CPU @ 1.80GHz
stepping	: 9
microcode	: 0x20
cpu MHz		: 1202.328
cache size	: 3072 KB
physical id	: 0
siblings	: 4
core id		: 0
cpu cores	: 2
apicid		: 0
initial apicid	: 0
fpu		: yes
fpu_exception	: yes
cpuid level	: 13
wp		: yes
flags		: fpu vme de pse tsc msr pae mce cx8 apic sep mtrr pge mca cmov pat pse36 clflush dts acpi mmx fxsr sse sse2 ss ht tm pbe syscall nx rdtscp lm constant_tsc arch_perfmon pebs bts rep_good nopl xtopology nonstop_tsc cpuid aperfmperf pni pclmulqdq dtes64 monitor ds_cpl vmx est tm2 ssse3 cx16 xtpr pdcm pcid sse4_1 sse4_2 x2apic popcnt tsc_deadline_timer xsave avx f16c lahf_lm cpuid_fault epb pti ssbd ibrs ibpb stibp tpr_shadow vnmi flexpriority ept vpid fsgsbase smep erms xsaveopt dtherm ida arat pln pts flush_l1d
bugs		: cpu_meltdown spectre_v1 spectre_v2 spec_store_bypass l1tf
bogomips	: 3591.65
clflush size	: 64
cache_alignment	: 64
address sizes	: 36 bits physical, 48 bits virtual
power management:

processor	: 1
vendor_id	: GenuineIntel
cpu family	: 6
model		: 58
model name	: Intel(R) Core(TM) i3-3217U CPU @ 1.80GHz
stepping	: 9
microcode	: 0x20
cpu MHz		: 1193.524
cache size	: 3072 KB
physical id	: 0
siblings	: 4
core id		: 1
cpu cores	: 2
apicid		: 2
initial apicid	: 2
fpu		: yes
fpu_exception	: yes
cpuid level	: 13
wp		: yes
flags		: fpu vme de pse tsc msr pae mce cx8 apic sep mtrr pge mca cmov pat pse36 clflush dts acpi mmx fxsr sse sse2 ss ht tm pbe syscall nx rdtscp lm constant_tsc arch_perfmon pebs bts rep_good nopl xtopology nonstop_tsc cpuid aperfmperf pni pclmulqdq dtes64 monitor ds_cpl vmx est tm2 ssse3 cx16 xtpr pdcm pcid sse4_1 sse4_2 x2apic popcnt tsc_deadline_timer xsave avx f16c lahf_lm cpuid_fault epb pti ssbd ibrs ibpb stibp tpr_shadow vnmi flexpriority ept vpid fsgsbase smep erms xsaveopt dtherm ida arat pln pts flush_l1d
bugs		: cpu_meltdown spectre_v1 spectre_v2 spec_store_bypass l1tf
bogomips	: 3591.65
clflush size	: 64
cache_alignment	: 64
address sizes	: 36 bits physical, 48 bits virtual
power management:

processor	: 2
vendor_id	: GenuineIntel
cpu family	: 6
model		: 58
model name	: Intel(R) Core(TM) i3-3217U CPU @ 1.80GHz
stepping	: 9
microcode	: 0x20
cpu MHz		: 1338.798
cache size	: 3072 KB
physical id	: 0
siblings	: 4
core id		: 0
cpu cores	: 2
apicid		: 1
initial apicid	: 1
fpu		: yes
fpu_exception	: yes
cpuid level	: 13
wp		: yes
flags		: fpu vme de pse tsc msr pae mce cx8 apic sep mtrr pge mca cmov pat pse36 clflush dts acpi mmx fxsr sse sse2 ss ht tm pbe syscall nx rdtscp lm constant_tsc arch_perfmon pebs bts rep_good nopl xtopology nonstop_tsc cpuid aperfmperf pni pclmulqdq dtes64 monitor ds_cpl vmx est tm2 ssse3 cx16 xtpr pdcm pcid sse4_1 sse4_2 x2apic popcnt tsc_deadline_timer xsave avx f16c lahf_lm cpuid_fault epb pti ssbd ibrs ibpb stibp tpr_shadow vnmi flexpriority ept vpid fsgsbase smep erms xsaveopt dtherm ida arat pln pts flush_l1d
bugs		: cpu_meltdown spectre_v1 spectre_v2 spec_store_bypass l1tf
bogomips	: 3591.65
clflush size	: 64
cache_alignment	: 64
address sizes	: 36 bits physical, 48 bits virtual
power management:

processor	: 3
vendor_id	: GenuineIntel
cpu family	: 6
model		: 58
model name	: Intel(R) Core(TM) i3-3217U CPU @ 1.80GHz
stepping	: 9
microcode	: 0x20
cpu MHz		: 1183.322
cache size	: 3072 KB
physical id	: 0
siblings	: 4
core id		: 1
cpu cores	: 2
apicid		: 3
initial apicid	: 3
fpu		: yes
fpu_exception	: yes
cpuid level	: 13
wp		: yes
flags		: fpu vme de pse tsc msr pae mce cx8 apic sep mtrr pge mca cmov pat pse36 clflush dts acpi mmx fxsr sse sse2 ss ht tm pbe syscall nx rdtscp lm constant_tsc arch_perfmon pebs bts rep_good nopl xtopology nonstop_tsc cpuid aperfmperf pni pclmulqdq dtes64 monitor ds_cpl vmx est tm2 ssse3 cx16 xtpr pdcm pcid sse4_1 sse4_2 x2apic popcnt tsc_deadline_timer xsave avx f16c lahf_lm cpuid_fault epb pti ssbd ibrs ibpb stibp tpr_shadow vnmi flexpriority ept vpid fsgsbase smep erms xsaveopt dtherm ida arat pln pts flush_l1d
bugs		: cpu_meltdown spectre_v1 spectre_v2 spec_store_bypass l1tf
bogomips	: 3591.65
clflush size	: 64
cache_alignment	: 64
address sizes	: 36 bits physical, 48 bits virtual
power management:



Memory: 4k page, physical 5536924k(2738744k free), swap 10598396k(10496788k free)

vm_info: OpenJDK 64-Bit Server VM (25.141-b15) for linux-amd64 JRE (1.8.0_141-BLFS-b15), built on Jul 31 2017 19:13:20 by "pierre" with gcc 7.1.0

time: Mon Dec 10 01:55:40 2018
elapsed time: 41808 seconds (0d 11h 36m 48s)

